8.6166 	DEBUG 	Fullscreen settings ignored as running in pilot mode.
8.6174 	INFO 	Loaded monitor calibration from ['2025_07_02 14:21']
8.8565 	EXP 	Created window1 = Window(allowGUI=True, allowStencil=False, autoLog=True, backendConf=UNKNOWN, backgroundFit=<method-wrapper '__getattribute__' of attributeSetter object at 0x000001963BCD1D20>, backgroundImage=<method-wrapper '__getattribute__' of attributeSetter object at 0x000001963BCD1CC0>, bitsMode=UNKNOWN, blendMode='avg', bpc=(8, 8, 8), color=array([0, 0, 0]), colorSpace='rgb', depthBits=8, fullscr=False, gamma=None, gammaErrorPolicy='raise', infoMsg=UNKNOWN, lms=UNKNOWN, monitor=<psychopy.monitors.calibTools.Monitor object at 0x00000196442023E0>, multiSample=False, name='window1', numSamples=2, pos=[560.0, 240.0], screen=0, size=array([800, 600]), stencilBits=0, stereo=False, title='PsychoPy', units='height', useFBO=True, useRetina=False, viewOri=0.0, viewPos=None, viewScale=None, waitBlanking=True, winType='pyglet')
8.8565 	EXP 	window1: backgroundImage = ''
8.8565 	EXP 	window1: backgroundFit = 'none'
8.8628 	DEBUG 	TextBox2 loaded 1 chars with 0 blanks and 1 valid
8.8634 	DEBUG 	TextBox2 loaded 1 chars with 0 blanks and 1 valid
8.8641 	DEBUG 	TextBox2 loaded 1 chars with 0 blanks and 1 valid
8.8649 	DEBUG 	TextBox2 loaded 1 chars with 0 blanks and 1 valid
8.8657 	DEBUG 	TextBox2 loaded 1 chars with 0 blanks and 1 valid
8.8662 	DEBUG 	TextBox2 loaded 1 chars with 0 blanks and 1 valid
8.8668 	DEBUG 	TextBox2 loaded 1 chars with 0 blanks and 1 valid
8.8677 	DEBUG 	TextBox2 loaded 1 chars with 0 blanks and 1 valid
8.8680 	DEBUG 	TextBox2 loaded 1 chars with 0 blanks and 1 valid
8.8683 	DEBUG 	TextBox2 loaded 1 chars with 0 blanks and 1 valid
8.8689 	DEBUG 	TextBox2 loaded 1 chars with 0 blanks and 1 valid
8.8696 	DEBUG 	TextBox2 loaded 1 chars with 0 blanks and 1 valid
8.8702 	DEBUG 	TextBox2 loaded 1 chars with 0 blanks and 1 valid
8.8708 	DEBUG 	TextBox2 loaded 1 chars with 0 blanks and 1 valid
8.8714 	DEBUG 	TextBox2 loaded 1 chars with 0 blanks and 1 valid
8.8721 	DEBUG 	TextBox2 loaded 1 chars with 0 blanks and 1 valid
8.8727 	DEBUG 	TextBox2 loaded 1 chars with 0 blanks and 1 valid
8.8731 	DEBUG 	TextBox2 loaded 1 chars with 0 blanks and 1 valid
8.8735 	DEBUG 	TextBox2 loaded 1 chars with 0 blanks and 1 valid
8.8744 	DEBUG 	TextBox2 loaded 1 chars with 0 blanks and 1 valid
8.8748 	DEBUG 	TextBox2 loaded 1 chars with 0 blanks and 1 valid
8.8752 	DEBUG 	Uploading Texture Font fontname to graphics card
8.8775 	DEBUG 	Upload of Texture Font fontname complete
8.8831 	DEBUG 	TextBox2 loaded 1 chars with 0 blanks and 1 valid
8.8840 	DEBUG 	TextBox2 loaded 1 chars with 0 blanks and 1 valid
8.8849 	DEBUG 	TextBox2 loaded 1 chars with 0 blanks and 1 valid
8.8851 	DEBUG 	Uploading Texture Font fontname to graphics card
8.8861 	DEBUG 	Upload of Texture Font fontname complete
8.8877 	EXP 	window1: Attempting to measure frame rate of screen (0) ...
8.8878 	EXP 	window1: recordFrameIntervals = False
9.0600 	EXP 	window1: recordFrameIntervals = True
9.2436 	EXP 	Screen (0) actual frame rate measured at 59.97Hz
9.2436 	EXP 	window1: recordFrameIntervals = False
9.2484 	DEBUG 	TextBox2 loaded 1 chars with 0 blanks and 1 valid
9.2489 	DEBUG 	TextBox2 loaded 1 chars with 0 blanks and 1 valid
9.2496 	DEBUG 	TextBox2 loaded 1 chars with 0 blanks and 1 valid
9.2506 	DEBUG 	TextBox2 loaded 1 chars with 0 blanks and 1 valid
9.2515 	DEBUG 	TextBox2 loaded 1 chars with 0 blanks and 1 valid
9.2524 	DEBUG 	TextBox2 loaded 1 chars with 0 blanks and 1 valid
9.2529 	DEBUG 	TextBox2 loaded 1 chars with 0 blanks and 1 valid
9.2537 	DEBUG 	TextBox2 loaded 1 chars with 0 blanks and 1 valid
9.2546 	DEBUG 	TextBox2 loaded 1 chars with 0 blanks and 1 valid
9.2555 	DEBUG 	TextBox2 loaded 1 chars with 0 blanks and 1 valid
9.2558 	DEBUG 	Uploading Texture Font fontname to graphics card
9.2563 	DEBUG 	Upload of Texture Font fontname complete
9.5241 	INFO 	keyboard.Keyboard is using ptb backend.
9.5243 	INFO 	keyboard.Keyboard is using ptb backend.
9.5243 	EXP 	untitled: status = STARTED
9.5876 	EXP 	Created text_3 = TextStim(__class__=<class 'psychopy.visual.text.TextStim'>, alignHoriz=method-wrapper(...), alignText='center', alignVert=method-wrapper(...), anchorHoriz='center', anchorVert='center', antialias=True, autoDraw=False, autoLog=True, bold=False, color=array([1., 1., 1.]), colorSpace='rgb', contrast=1.0, depth=0.0, draggable=False, flipHoriz=False, flipVert=False, font='Arial', fontFiles=[], height=0.05, italic=False, languageStyle='LTR', name='text_3', opacity=1, ori=0.0, pos=array([0., 0.]), rgb=UNKNOWN, text='new block\n', units='height', win=Window(...), wrapWidth=1)
9.5883 	EXP 	Created text = TextStim(__class__=<class 'psychopy.visual.text.TextStim'>, alignHoriz=method-wrapper(...), alignText='center', alignVert=method-wrapper(...), anchorHoriz='center', anchorVert='center', antialias=True, autoDraw=False, autoLog=True, bold=False, color=array([1., 1., 1.]), colorSpace='rgb', contrast=1.0, depth=0.0, draggable=False, flipHoriz=False, flipVert=False, font='Arial', fontFiles=[], height=0.05, italic=False, languageStyle='LTR', name='text', opacity=1, ori=0.0, pos=array([0., 0.]), rgb=UNKNOWN, text='', units='height', win=Window(...), wrapWidth=1)
9.6164 	EXP 	Created image = ImageStim(__class__=<class 'psychopy.visual.image.ImageStim'>, anchor=('center', 'center'), autoLog=True, color=array([1., 1., 1.]), colorSpace='rgb', contrast=1.0, depth=-1.0, draggable=False, flipHoriz=False, flipVert=False, image='C:/Users/mattp/Pictures/image (9).png', interpolate=True, mask=None, maskParams=None, name='image', opacity=1, ori=0.0, pos=array([-0.5,  0. ]), size=array([0.5, 0.5]), texRes=128.0, units='height', win=Window(...))
9.6203 	EXP 	Created image_2 = ImageStim(__class__=<class 'psychopy.visual.image.ImageStim'>, anchor=('center', 'center'), autoLog=True, color=array([1., 1., 1.]), colorSpace='rgb', contrast=1.0, depth=-2.0, draggable=False, flipHoriz=False, flipVert=False, image='C:/Users/mattp/Pictures/image (10).png', interpolate=True, mask=None, maskParams=None, name='image_2', opacity=1, ori=0.0, pos=array([0.5, 0. ]), size=array([0.5, 0.5]), texRes=128.0, units='height', win=Window(...))
9.6221 	EXP 	Created fb_2 = TextStim(__class__=<class 'psychopy.visual.text.TextStim'>, alignHoriz=method-wrapper(...), alignText='center', alignVert=method-wrapper(...), anchorHoriz='center', anchorVert='center', antialias=True, autoDraw=False, autoLog=True, bold=False, color=array([1., 1., 1.]), colorSpace='rgb', contrast=1.0, depth=-1.0, draggable=False, flipHoriz=False, flipVert=False, font='Open Sans', fontFiles=[], height=0.1, italic=False, languageStyle='LTR', name='fb_2', opacity=1, ori=0.0, pos=array([0., 0.]), rgb=UNKNOWN, text='', units='height', win=Window(...), wrapWidth=1)
9.6253 	EXP 	Created text_2 = TextStim(__class__=<class 'psychopy.visual.text.TextStim'>, alignHoriz=method-wrapper(...), alignText='center', alignVert=method-wrapper(...), anchorHoriz='center', anchorVert='center', antialias=True, autoDraw=False, autoLog=True, bold=False, color=array([1., 1., 1.]), colorSpace='rgb', contrast=1.0, depth=0.0, draggable=False, flipHoriz=False, flipVert=False, font='Arial', fontFiles=[], height=0.05, italic=False, languageStyle='LTR', name='text_2', opacity=1, ori=0.0, pos=array([0., 0.]), rgb=UNKNOWN, text='success', units='height', win=Window(...), wrapWidth=1)
0.0199 	EXP 	New trial (rep=0, index=0): <Trial 0 (0 in rep 0) data={'thisN': 0, 'thisTrialN': 0, 'thisRepN': 0}>
0.0347 	EXP 	text_3: autoDraw = True
1.0083 	DEBUG 	Read csv file with pandas: stimuli.csv
1.0093 	DEBUG 	Clearing unnamed columns from stimuli.csv
1.0097 	EXP 	Imported stimuli.csv as conditions, 2 conditions, 2 params
1.0099 	EXP 	New trial (rep=0, index=0): <Trial 0 (0 in rep 0) data={'stimuli': 'choose left', 'corrAns': 'left', 'thisN': 0, 'thisTrialN': 0, 'thisRepN': 0}>
1.0340 	INFO 	Keyboard events cleared
1.0339 	EXP 	text_3: autoDraw = False
1.0339 	EXP 	text: height = 0.05
1.0339 	EXP 	text: height = 0.05
1.0339 	EXP 	text: height = 0.05
1.0339 	EXP 	text: text = 'choose left'
1.0339 	EXP 	text: autoDraw = True
1.0339 	EXP 	image: autoDraw = True
1.0339 	EXP 	image_2: autoDraw = True
21.0182 	EXP 	text: autoDraw = False
21.0182 	EXP 	image: autoDraw = False
21.0182 	EXP 	image_2: autoDraw = False
21.0182 	EXP 	fb_2: foreColor = <psychopy.colors.Color: red, alpha=1.0>
21.0182 	EXP 	fb_2: height = 0.1
21.0182 	EXP 	fb_2: height = 0.1
21.0182 	EXP 	fb_2: height = 0.1
21.0182 	EXP 	fb_2: text = 'Incorrect! 0.00\n0 cleared \n trial 1'
21.0182 	EXP 	fb_2: autoDraw = True
22.0047 	EXP 	New trial (rep=0, index=1): <Trial 1 (1 in rep 0) data={'stimuli': 'choose right', 'corrAns': 'right', 'thisN': 1, 'thisTrialN': 1, 'thisRepN': 0}>
22.0186 	INFO 	Keyboard events cleared
22.0186 	EXP 	fb_2: autoDraw = False
22.0186 	EXP 	text: height = 0.05
22.0186 	EXP 	text: height = 0.05
22.0186 	EXP 	text: height = 0.05
22.0186 	EXP 	text: text = 'choose right'
22.0186 	EXP 	text: autoDraw = True
22.0186 	EXP 	image: autoDraw = True
22.0186 	EXP 	image_2: autoDraw = True
33.9387 	DATA 	Mouse: Left button down, pos=(654,234)
34.0395 	DATA 	Mouse:  Left button up, pos=(654,234)
34.7231 	DATA 	Keypress: escape
34.8376 	EXP 	untitled: status = STOPPED
34.8515 	EXP 	text: autoDraw = False
34.8515 	EXP 	image: autoDraw = False
34.8515 	EXP 	image_2: autoDraw = False
34.8534 	EXP 	untitled: status = STOPPED
34.8558 	INFO 	saved data to 'C:\\Users\\mattp\\Documents\\GitHub\\Rhodes_Experiment\\data/021454_untitled_2025-07-03_13h52.40.758.csv'
34.8563 	INFO 	saved data to C:\Users\mattp\Documents\GitHub\Rhodes_Experiment\data/021454_untitled_2025-07-03_13h52.40.758.psydat
34.8912 	DEBUG 	Saving data for untitled ExperimentHandler
34.8932 	WARNING 	Stopping key buffers but this could be dangerous ifother keyboards rely on the same.
34.9347 	WARNING 	Stopping key buffers but this could be dangerous ifother keyboards rely on the same.
