4.2533 	DEBUG 	Fullscreen settings ignored as running in pilot mode.
4.2538 	INFO 	Loaded monitor calibration from ['2025_07_02 14:21']
4.4672 	EXP 	Created window1 = Window(allowGUI=False, allowStencil=False, autoLog=True, backendConf=UNKNOWN, backgroundFit=<method-wrapper '__getattribute__' of attributeSetter object at 0x000002951DDB4790>, backgroundImage=<method-wrapper '__getattribute__' of attributeSetter object at 0x000002951DDB4730>, bitsMode=UNKNOWN, blendMode='avg', bpc=(8, 8, 8), color=array([0, 0, 0]), colorSpace='rgb', depthBits=8, fullscr=False, gamma=None, gammaErrorPolicy='raise', infoMsg=UNKNOWN, lms=UNKNOWN, monitor=<psychopy.monitors.calibTools.Monitor object at 0x00000295289979A0>, multiSample=False, name='window1', numSamples=2, pos=[560.0, 240.0], screen=0, size=array([800, 600]), stencilBits=0, stereo=False, title='PsychoPy', units='height', useFBO=True, useRetina=False, viewOri=0.0, viewPos=None, viewScale=None, waitBlanking=True, winType='pyglet')
4.4673 	EXP 	window1: backgroundImage = ''
4.4673 	EXP 	window1: backgroundFit = 'none'
4.4732 	DEBUG 	TextBox2 loaded 1 chars with 0 blanks and 1 valid
4.4739 	DEBUG 	TextBox2 loaded 1 chars with 0 blanks and 1 valid
4.4746 	DEBUG 	TextBox2 loaded 1 chars with 0 blanks and 1 valid
4.4754 	DEBUG 	TextBox2 loaded 1 chars with 0 blanks and 1 valid
4.4762 	DEBUG 	TextBox2 loaded 1 chars with 0 blanks and 1 valid
4.4766 	DEBUG 	TextBox2 loaded 1 chars with 0 blanks and 1 valid
4.4772 	DEBUG 	TextBox2 loaded 1 chars with 0 blanks and 1 valid
4.4781 	DEBUG 	TextBox2 loaded 1 chars with 0 blanks and 1 valid
4.4784 	DEBUG 	TextBox2 loaded 1 chars with 0 blanks and 1 valid
4.4787 	DEBUG 	TextBox2 loaded 1 chars with 0 blanks and 1 valid
4.4794 	DEBUG 	TextBox2 loaded 1 chars with 0 blanks and 1 valid
4.4800 	DEBUG 	TextBox2 loaded 1 chars with 0 blanks and 1 valid
4.4806 	DEBUG 	TextBox2 loaded 1 chars with 0 blanks and 1 valid
4.4813 	DEBUG 	TextBox2 loaded 1 chars with 0 blanks and 1 valid
4.4819 	DEBUG 	TextBox2 loaded 1 chars with 0 blanks and 1 valid
4.4825 	DEBUG 	TextBox2 loaded 1 chars with 0 blanks and 1 valid
4.4832 	DEBUG 	TextBox2 loaded 1 chars with 0 blanks and 1 valid
4.4836 	DEBUG 	TextBox2 loaded 1 chars with 0 blanks and 1 valid
4.4840 	DEBUG 	TextBox2 loaded 1 chars with 0 blanks and 1 valid
4.4850 	DEBUG 	TextBox2 loaded 1 chars with 0 blanks and 1 valid
4.4854 	DEBUG 	TextBox2 loaded 1 chars with 0 blanks and 1 valid
4.4857 	DEBUG 	Uploading Texture Font fontname to graphics card
4.4892 	DEBUG 	Upload of Texture Font fontname complete
4.4950 	DEBUG 	TextBox2 loaded 1 chars with 0 blanks and 1 valid
4.4959 	DEBUG 	TextBox2 loaded 1 chars with 0 blanks and 1 valid
4.4967 	DEBUG 	TextBox2 loaded 1 chars with 0 blanks and 1 valid
4.4969 	DEBUG 	Uploading Texture Font fontname to graphics card
4.4997 	DEBUG 	Upload of Texture Font fontname complete
4.5014 	EXP 	window1: Attempting to measure frame rate of screen (0) ...
4.5014 	EXP 	window1: recordFrameIntervals = False
4.6751 	EXP 	window1: recordFrameIntervals = True
4.8593 	EXP 	Screen (0) actual frame rate measured at 60.00Hz
4.8593 	EXP 	window1: recordFrameIntervals = False
4.8667 	DEBUG 	TextBox2 loaded 1 chars with 0 blanks and 1 valid
4.8673 	DEBUG 	TextBox2 loaded 1 chars with 0 blanks and 1 valid
4.8685 	DEBUG 	TextBox2 loaded 1 chars with 0 blanks and 1 valid
4.8700 	DEBUG 	TextBox2 loaded 1 chars with 0 blanks and 1 valid
4.8714 	DEBUG 	TextBox2 loaded 1 chars with 0 blanks and 1 valid
4.8729 	DEBUG 	TextBox2 loaded 1 chars with 0 blanks and 1 valid
4.8737 	DEBUG 	TextBox2 loaded 1 chars with 0 blanks and 1 valid
4.8748 	DEBUG 	TextBox2 loaded 1 chars with 0 blanks and 1 valid
4.8761 	DEBUG 	TextBox2 loaded 1 chars with 0 blanks and 1 valid
4.8772 	DEBUG 	TextBox2 loaded 1 chars with 0 blanks and 1 valid
4.8776 	DEBUG 	Uploading Texture Font fontname to graphics card
4.8782 	DEBUG 	Upload of Texture Font fontname complete
5.1376 	INFO 	keyboard.Keyboard is using ptb backend.
5.1376 	EXP 	untitled: status = STARTED
5.2008 	EXP 	Created text = TextStim(__class__=<class 'psychopy.visual.text.TextStim'>, alignHoriz=method-wrapper(...), alignText='center', alignVert=method-wrapper(...), anchorHoriz='center', anchorVert='center', antialias=True, autoDraw=False, autoLog=True, bold=False, color=array([1., 1., 1.]), colorSpace='rgb', contrast=1.0, depth=0.0, draggable=False, flipHoriz=False, flipVert=False, font='Arial', fontFiles=[], height=0.05, italic=False, languageStyle='LTR', name='text', opacity=1, ori=0.0, pos=array([0., 0.]), rgb=UNKNOWN, text='Any text\n\nincluding line breaks', units='height', win=Window(...), wrapWidth=1)
5.2259 	EXP 	Created image = ImageStim(__class__=<class 'psychopy.visual.image.ImageStim'>, anchor=('center', 'center'), autoLog=True, color=array([1., 1., 1.]), colorSpace='rgb', contrast=1.0, depth=-1.0, draggable=False, flipHoriz=False, flipVert=False, image='C:/Users/mattp/Pictures/image (9).png', interpolate=True, mask=None, maskParams=None, name='image', opacity=1, ori=0.0, pos=array([-5.,  0.]), size=array([0.5, 0.5]), texRes=128.0, units='height', win=Window(...))
5.2294 	EXP 	Created image_2 = ImageStim(__class__=<class 'psychopy.visual.image.ImageStim'>, anchor=('center', 'center'), autoLog=True, color=array([1., 1., 1.]), colorSpace='rgb', contrast=1.0, depth=-2.0, draggable=False, flipHoriz=False, flipVert=False, image='C:/Users/mattp/Pictures/image (10).png', interpolate=True, mask=None, maskParams=None, name='image_2', opacity=1, ori=0.0, pos=array([5., 0.]), size=array([0.5, 0.5]), texRes=128.0, units='height', win=Window(...))
5.2313 	EXP 	Created fb = TextStim(__class__=<class 'psychopy.visual.text.TextStim'>, alignHoriz=method-wrapper(...), alignText='center', alignVert=method-wrapper(...), anchorHoriz='center', anchorVert='center', antialias=True, autoDraw=False, autoLog=True, bold=False, color=array([1., 1., 1.]), colorSpace='rgb', contrast=1.0, depth=-1.0, draggable=False, flipHoriz=False, flipVert=False, font='Open Sans', fontFiles=[], height=0.1, italic=False, languageStyle='LTR', name='fb', opacity=1, ori=0.0, pos=array([0., 0.]), rgb=UNKNOWN, text='', units='height', win=Window(...), wrapWidth=1)
5.2320 	EXP 	Created feedback_text = TextStim(__class__=<class 'psychopy.visual.text.TextStim'>, alignHoriz=method-wrapper(...), alignText='center', alignVert=method-wrapper(...), anchorHoriz='center', anchorVert='center', antialias=True, autoDraw=False, autoLog=True, bold=False, color=array([1., 1., 1.]), colorSpace='rgb', contrast=1.0, depth=-2.0, draggable=False, flipHoriz=False, flipVert=False, font='Arial', fontFiles=[], height=0.05, italic=False, languageStyle='LTR', name='feedback_text', opacity=1, ori=0.0, pos=array([0., 0.]), rgb=UNKNOWN, text='', units='height', win=Window(...), wrapWidth=1)
0.0910 	EXP 	New trial (rep=0, index=0): <Trial 0 (0 in rep 0) data={'thisN': 0, 'thisTrialN': 0, 'thisRepN': 0}>
0.0952 	EXP 	text: autoDraw = True
0.0952 	EXP 	image: autoDraw = True
0.0952 	EXP 	image_2: autoDraw = True
1.0940 	EXP 	text: autoDraw = False
3.5476 	DATA 	Mouse: Left button down, pos=(649,336)
3.6474 	DATA 	Mouse:  Left button up, pos=(649,336)
4.5297 	DATA 	Mouse: Left button down, pos=(715,306)
4.6296 	DATA 	Mouse:  Left button up, pos=(715,306)
8.7378 	DATA 	Mouse: Left button down, pos=(645,327)
8.8152 	DATA 	Mouse:  Left button up, pos=(645,327)
9.1463 	DATA 	Keypress: escape
9.2462 	EXP 	untitled: status = STOPPED
9.2606 	EXP 	image: autoDraw = False
9.2606 	EXP 	image_2: autoDraw = False
9.2626 	EXP 	untitled: status = STOPPED
9.2640 	INFO 	saved data to 'C:\\Users\\mattp\\Documents\\GitHub\\Rhodes_Experiment\\data/171761_untitled_2025-07-02_15h03.40.641.csv'
9.2644 	INFO 	saved data to C:\Users\mattp\Documents\GitHub\Rhodes_Experiment\data/171761_untitled_2025-07-02_15h03.40.641.psydat
