4.4333 	DEBUG 	Fullscreen settings ignored as running in pilot mode.
4.4338 	INFO 	Loaded monitor calibration from ['2025_07_02 14:21']
4.6713 	EXP 	Created window1 = Window(allowGUI=True, allowStencil=False, autoLog=True, backendConf=UNKNOWN, backgroundFit=<method-wrapper '__getattribute__' of attributeSetter object at 0x000001CADC31FF10>, backgroundImage=<method-wrapper '__getattribute__' of attributeSetter object at 0x000001CADC31F160>, bitsMode=UNKNOWN, blendMode='avg', bpc=(8, 8, 8), color=array([0, 0, 0]), colorSpace='rgb', depthBits=8, fullscr=False, gamma=None, gammaErrorPolicy='raise', infoMsg=UNKNOWN, lms=UNKNOWN, monitor=<psychopy.monitors.calibTools.Monitor object at 0x000001CADC4275B0>, multiSample=False, name='window1', numSamples=2, pos=[560.0, 240.0], screen=0, size=array([800, 600]), stencilBits=0, stereo=False, title='PsychoPy', units='height', useFBO=True, useRetina=False, viewOri=0.0, viewPos=None, viewScale=None, waitBlanking=True, winType='pyglet')
4.6714 	EXP 	window1: backgroundImage = ''
4.6714 	EXP 	window1: backgroundFit = 'none'
4.6774 	DEBUG 	TextBox2 loaded 1 chars with 0 blanks and 1 valid
4.6781 	DEBUG 	TextBox2 loaded 1 chars with 0 blanks and 1 valid
4.6787 	DEBUG 	TextBox2 loaded 1 chars with 0 blanks and 1 valid
4.6796 	DEBUG 	TextBox2 loaded 1 chars with 0 blanks and 1 valid
4.6804 	DEBUG 	TextBox2 loaded 1 chars with 0 blanks and 1 valid
4.6808 	DEBUG 	TextBox2 loaded 1 chars with 0 blanks and 1 valid
4.6815 	DEBUG 	TextBox2 loaded 1 chars with 0 blanks and 1 valid
4.6824 	DEBUG 	TextBox2 loaded 1 chars with 0 blanks and 1 valid
4.6826 	DEBUG 	TextBox2 loaded 1 chars with 0 blanks and 1 valid
4.6829 	DEBUG 	TextBox2 loaded 1 chars with 0 blanks and 1 valid
4.6836 	DEBUG 	TextBox2 loaded 1 chars with 0 blanks and 1 valid
4.6843 	DEBUG 	TextBox2 loaded 1 chars with 0 blanks and 1 valid
4.6849 	DEBUG 	TextBox2 loaded 1 chars with 0 blanks and 1 valid
4.6855 	DEBUG 	TextBox2 loaded 1 chars with 0 blanks and 1 valid
4.6861 	DEBUG 	TextBox2 loaded 1 chars with 0 blanks and 1 valid
4.6868 	DEBUG 	TextBox2 loaded 1 chars with 0 blanks and 1 valid
4.6875 	DEBUG 	TextBox2 loaded 1 chars with 0 blanks and 1 valid
4.6878 	DEBUG 	TextBox2 loaded 1 chars with 0 blanks and 1 valid
4.6883 	DEBUG 	TextBox2 loaded 1 chars with 0 blanks and 1 valid
4.6892 	DEBUG 	TextBox2 loaded 1 chars with 0 blanks and 1 valid
4.6895 	DEBUG 	TextBox2 loaded 1 chars with 0 blanks and 1 valid
4.6898 	DEBUG 	Uploading Texture Font fontname to graphics card
4.6912 	DEBUG 	Upload of Texture Font fontname complete
4.6969 	DEBUG 	TextBox2 loaded 1 chars with 0 blanks and 1 valid
4.6977 	DEBUG 	TextBox2 loaded 1 chars with 0 blanks and 1 valid
4.6985 	DEBUG 	TextBox2 loaded 1 chars with 0 blanks and 1 valid
4.6988 	DEBUG 	Uploading Texture Font fontname to graphics card
4.6994 	DEBUG 	Upload of Texture Font fontname complete
4.7010 	EXP 	window1: Attempting to measure frame rate of screen (0) ...
4.7010 	EXP 	window1: recordFrameIntervals = False
4.8598 	EXP 	window1: recordFrameIntervals = True
5.0437 	EXP 	Screen (0) actual frame rate measured at 59.89Hz
5.0437 	EXP 	window1: recordFrameIntervals = False
5.0512 	DEBUG 	TextBox2 loaded 1 chars with 0 blanks and 1 valid
5.0519 	DEBUG 	TextBox2 loaded 1 chars with 0 blanks and 1 valid
5.0530 	DEBUG 	TextBox2 loaded 1 chars with 0 blanks and 1 valid
5.0546 	DEBUG 	TextBox2 loaded 1 chars with 0 blanks and 1 valid
5.0559 	DEBUG 	TextBox2 loaded 1 chars with 0 blanks and 1 valid
5.0574 	DEBUG 	TextBox2 loaded 1 chars with 0 blanks and 1 valid
5.0581 	DEBUG 	TextBox2 loaded 1 chars with 0 blanks and 1 valid
5.0594 	DEBUG 	TextBox2 loaded 1 chars with 0 blanks and 1 valid
5.0608 	DEBUG 	TextBox2 loaded 1 chars with 0 blanks and 1 valid
5.0620 	DEBUG 	TextBox2 loaded 1 chars with 0 blanks and 1 valid
5.0624 	DEBUG 	Uploading Texture Font fontname to graphics card
5.0630 	DEBUG 	Upload of Texture Font fontname complete
5.3408 	INFO 	keyboard.Keyboard is using ptb backend.
5.3409 	INFO 	keyboard.Keyboard is using ptb backend.
5.3409 	EXP 	untitled: status = STARTED
5.3589 	EXP 	Created text = TextStim(__class__=<class 'psychopy.visual.text.TextStim'>, alignHoriz=method-wrapper(...), alignText='center', alignVert=method-wrapper(...), anchorHoriz='center', anchorVert='center', antialias=True, autoDraw=False, autoLog=True, bold=False, color=array([1., 1., 1.]), colorSpace='rgb', contrast=1.0, depth=0.0, draggable=False, flipHoriz=False, flipVert=False, font='Arial', fontFiles=[], height=0.05, italic=False, languageStyle='LTR', name='text', opacity=1, ori=0.0, pos=array([0., 0.]), rgb=UNKNOWN, text='', units='height', win=Window(...), wrapWidth=1)
5.3882 	EXP 	Created image = ImageStim(__class__=<class 'psychopy.visual.image.ImageStim'>, anchor=('center', 'center'), autoLog=True, color=array([1., 1., 1.]), colorSpace='rgb', contrast=1.0, depth=-1.0, draggable=False, flipHoriz=False, flipVert=False, image='C:/Users/mattp/Pictures/image (9).png', interpolate=True, mask=None, maskParams=None, name='image', opacity=1, ori=0.0, pos=array([-0.5,  0. ]), size=array([0.5, 0.5]), texRes=128.0, units='height', win=Window(...))
5.3920 	EXP 	Created image_2 = ImageStim(__class__=<class 'psychopy.visual.image.ImageStim'>, anchor=('center', 'center'), autoLog=True, color=array([1., 1., 1.]), colorSpace='rgb', contrast=1.0, depth=-2.0, draggable=False, flipHoriz=False, flipVert=False, image='C:/Users/mattp/Pictures/image (10).png', interpolate=True, mask=None, maskParams=None, name='image_2', opacity=1, ori=0.0, pos=array([0.5, 0. ]), size=array([0.5, 0.5]), texRes=128.0, units='height', win=Window(...))
5.3939 	EXP 	Created fb_2 = TextStim(__class__=<class 'psychopy.visual.text.TextStim'>, alignHoriz=method-wrapper(...), alignText='center', alignVert=method-wrapper(...), anchorHoriz='center', anchorVert='center', antialias=True, autoDraw=False, autoLog=True, bold=False, color=array([1., 1., 1.]), colorSpace='rgb', contrast=1.0, depth=-1.0, draggable=False, flipHoriz=False, flipVert=False, font='Open Sans', fontFiles=[], height=0.1, italic=False, languageStyle='LTR', name='fb_2', opacity=1, ori=0.0, pos=array([0., 0.]), rgb=UNKNOWN, text='', units='height', win=Window(...), wrapWidth=1)
0.0361 	DEBUG 	Saving data for untitled ExperimentHandler
0.0365 	INFO 	saved data to C:\Users\mattp\Documents\GitHub\Rhodes_Experiment\data/253610_untitled_2025-07-03_13h38.01.347.psydat
0.0368 	INFO 	saved data to 'C:\\Users\\mattp\\Documents\\GitHub\\Rhodes_Experiment\\data/253610_untitled_2025-07-03_13h38.01.347.csv'
0.0385 	WARNING 	Stopping key buffers but this could be dangerous ifother keyboards rely on the same.
0.0485 	WARNING 	Stopping key buffers but this could be dangerous ifother keyboards rely on the same.
