5.7624 	DEBUG 	Fullscreen settings ignored as running in pilot mode.
5.7632 	INFO 	Loaded monitor calibration from ['2025_07_02 14:21']
6.0310 	EXP 	Created window1 = Window(allowGUI=True, allowStencil=False, autoLog=True, backendConf=UNKNOWN, backgroundFit=<method-wrapper '__getattribute__' of attributeSetter object at 0x000001E3222DE890>, backgroundImage=<method-wrapper '__getattribute__' of attributeSetter object at 0x000001E3222DE8F0>, bitsMode=UNKNOWN, blendMode='avg', bpc=(8, 8, 8), color=array([0, 0, 0]), colorSpace='rgb', depthBits=8, fullscr=False, gamma=None, gammaErrorPolicy='raise', infoMsg=UNKNOWN, lms=UNKNOWN, monitor=<psychopy.monitors.calibTools.Monitor object at 0x000001E3223361D0>, multiSample=False, name='window1', numSamples=2, pos=[560.0, 240.0], screen=0, size=array([800, 600]), stencilBits=0, stereo=False, title='PsychoPy', units='height', useFBO=True, useRetina=False, viewOri=0.0, viewPos=None, viewScale=None, waitBlanking=True, winType='pyglet')
6.0311 	EXP 	window1: backgroundImage = ''
6.0311 	EXP 	window1: backgroundFit = 'none'
6.0443 	DEBUG 	TextBox2 loaded 1 chars with 0 blanks and 1 valid
6.0450 	DEBUG 	TextBox2 loaded 1 chars with 0 blanks and 1 valid
6.0457 	DEBUG 	TextBox2 loaded 1 chars with 0 blanks and 1 valid
6.0467 	DEBUG 	TextBox2 loaded 1 chars with 0 blanks and 1 valid
6.0475 	DEBUG 	TextBox2 loaded 1 chars with 0 blanks and 1 valid
6.0480 	DEBUG 	TextBox2 loaded 1 chars with 0 blanks and 1 valid
6.0490 	DEBUG 	TextBox2 loaded 1 chars with 0 blanks and 1 valid
6.0499 	DEBUG 	TextBox2 loaded 1 chars with 0 blanks and 1 valid
6.0502 	DEBUG 	TextBox2 loaded 1 chars with 0 blanks and 1 valid
6.0505 	DEBUG 	TextBox2 loaded 1 chars with 0 blanks and 1 valid
6.0512 	DEBUG 	TextBox2 loaded 1 chars with 0 blanks and 1 valid
6.0518 	DEBUG 	TextBox2 loaded 1 chars with 0 blanks and 1 valid
6.0524 	DEBUG 	TextBox2 loaded 1 chars with 0 blanks and 1 valid
6.0531 	DEBUG 	TextBox2 loaded 1 chars with 0 blanks and 1 valid
6.0537 	DEBUG 	TextBox2 loaded 1 chars with 0 blanks and 1 valid
6.0544 	DEBUG 	TextBox2 loaded 1 chars with 0 blanks and 1 valid
6.0550 	DEBUG 	TextBox2 loaded 1 chars with 0 blanks and 1 valid
6.0554 	DEBUG 	TextBox2 loaded 1 chars with 0 blanks and 1 valid
6.0559 	DEBUG 	TextBox2 loaded 1 chars with 0 blanks and 1 valid
6.0567 	DEBUG 	TextBox2 loaded 1 chars with 0 blanks and 1 valid
6.0571 	DEBUG 	TextBox2 loaded 1 chars with 0 blanks and 1 valid
6.0586 	DEBUG 	Uploading Texture Font fontname to graphics card
6.0606 	DEBUG 	Upload of Texture Font fontname complete
6.0666 	DEBUG 	TextBox2 loaded 1 chars with 0 blanks and 1 valid
6.0675 	DEBUG 	TextBox2 loaded 1 chars with 0 blanks and 1 valid
6.0683 	DEBUG 	TextBox2 loaded 1 chars with 0 blanks and 1 valid
6.0686 	DEBUG 	Uploading Texture Font fontname to graphics card
6.0698 	DEBUG 	Upload of Texture Font fontname complete
6.0716 	EXP 	window1: Attempting to measure frame rate of screen (0) ...
6.0716 	EXP 	window1: recordFrameIntervals = False
6.2458 	EXP 	window1: recordFrameIntervals = True
6.3650 	DATA 	Mouse: Left button down, pos=(314,413)
6.4297 	EXP 	Screen (0) actual frame rate measured at 59.83Hz
6.4297 	EXP 	window1: recordFrameIntervals = False
6.4374 	DEBUG 	TextBox2 loaded 1 chars with 0 blanks and 1 valid
6.4381 	DEBUG 	TextBox2 loaded 1 chars with 0 blanks and 1 valid
6.4392 	DEBUG 	TextBox2 loaded 1 chars with 0 blanks and 1 valid
6.4407 	DEBUG 	TextBox2 loaded 1 chars with 0 blanks and 1 valid
6.4420 	DEBUG 	TextBox2 loaded 1 chars with 0 blanks and 1 valid
6.4432 	DEBUG 	TextBox2 loaded 1 chars with 0 blanks and 1 valid
6.4439 	DEBUG 	TextBox2 loaded 1 chars with 0 blanks and 1 valid
6.4450 	DEBUG 	TextBox2 loaded 1 chars with 0 blanks and 1 valid
6.4463 	DEBUG 	TextBox2 loaded 1 chars with 0 blanks and 1 valid
6.4473 	DEBUG 	TextBox2 loaded 1 chars with 0 blanks and 1 valid
6.4476 	DEBUG 	Uploading Texture Font fontname to graphics card
6.4483 	DEBUG 	Upload of Texture Font fontname complete
6.7218 	INFO 	keyboard.Keyboard is using ptb backend.
6.7219 	INFO 	keyboard.Keyboard is using ptb backend.
6.7219 	EXP 	untitled: status = STARTED
6.7384 	DEBUG 	Saving data for untitled ExperimentHandler
6.7389 	INFO 	saved data to C:\Users\mattp\Documents\GitHub\Rhodes_Experiment\data/254771_untitled_2025-07-02_15h44.55.286.psydat
6.7392 	INFO 	saved data to 'C:\\Users\\mattp\\Documents\\GitHub\\Rhodes_Experiment\\data/254771_untitled_2025-07-02_15h44.55.286.csv'
6.7420 	WARNING 	Stopping key buffers but this could be dangerous ifother keyboards rely on the same.
6.8222 	WARNING 	Stopping key buffers but this could be dangerous ifother keyboards rely on the same.
