7.4350 	DEBUG 	Fullscreen settings ignored as running in pilot mode.
7.4356 	INFO 	Loaded monitor calibration from ['2025_07_02 14:21']
8.8859 	EXP 	Created window1 = Window(allowGUI=False, allowStencil=False, autoLog=True, backendConf=UNKNOWN, backgroundFit=<method-wrapper '__getattribute__' of attributeSetter object at 0x000001405DB1EA10>, backgroundImage=<method-wrapper '__getattribute__' of attributeSetter object at 0x000001405DB1EA70>, bitsMode=UNKNOWN, blendMode='avg', bpc=(8, 8, 8), color=array([0, 0, 0]), colorSpace='rgb', depthBits=8, fullscr=False, gamma=None, gammaErrorPolicy='raise', infoMsg=UNKNOWN, lms=UNKNOWN, monitor=<psychopy.monitors.calibTools.Monitor object at 0x000001405DB776A0>, multiSample=False, name='window1', numSamples=2, pos=[560.0, 240.0], screen=0, size=array([800, 600]), stencilBits=0, stereo=False, title='PsychoPy', units='height', useFBO=True, useRetina=False, viewOri=0.0, viewPos=None, viewScale=None, waitBlanking=True, winType='pyglet')
8.8860 	EXP 	window1: backgroundImage = ''
8.8860 	EXP 	window1: backgroundFit = 'none'
8.9046 	DEBUG 	TextBox2 loaded 1 chars with 0 blanks and 1 valid
8.9052 	DEBUG 	TextBox2 loaded 1 chars with 0 blanks and 1 valid
8.9059 	DEBUG 	TextBox2 loaded 1 chars with 0 blanks and 1 valid
8.9068 	DEBUG 	TextBox2 loaded 1 chars with 0 blanks and 1 valid
8.9076 	DEBUG 	TextBox2 loaded 1 chars with 0 blanks and 1 valid
8.9080 	DEBUG 	TextBox2 loaded 1 chars with 0 blanks and 1 valid
8.9087 	DEBUG 	TextBox2 loaded 1 chars with 0 blanks and 1 valid
8.9096 	DEBUG 	TextBox2 loaded 1 chars with 0 blanks and 1 valid
8.9098 	DEBUG 	TextBox2 loaded 1 chars with 0 blanks and 1 valid
8.9102 	DEBUG 	TextBox2 loaded 1 chars with 0 blanks and 1 valid
8.9109 	DEBUG 	TextBox2 loaded 1 chars with 0 blanks and 1 valid
8.9115 	DEBUG 	TextBox2 loaded 1 chars with 0 blanks and 1 valid
8.9121 	DEBUG 	TextBox2 loaded 1 chars with 0 blanks and 1 valid
8.9128 	DEBUG 	TextBox2 loaded 1 chars with 0 blanks and 1 valid
8.9134 	DEBUG 	TextBox2 loaded 1 chars with 0 blanks and 1 valid
8.9141 	DEBUG 	TextBox2 loaded 1 chars with 0 blanks and 1 valid
8.9148 	DEBUG 	TextBox2 loaded 1 chars with 0 blanks and 1 valid
8.9152 	DEBUG 	TextBox2 loaded 1 chars with 0 blanks and 1 valid
8.9156 	DEBUG 	TextBox2 loaded 1 chars with 0 blanks and 1 valid
8.9164 	DEBUG 	TextBox2 loaded 1 chars with 0 blanks and 1 valid
8.9168 	DEBUG 	TextBox2 loaded 1 chars with 0 blanks and 1 valid
8.9185 	DEBUG 	Uploading Texture Font fontname to graphics card
8.9222 	DEBUG 	Upload of Texture Font fontname complete
8.9279 	DEBUG 	TextBox2 loaded 1 chars with 0 blanks and 1 valid
8.9288 	DEBUG 	TextBox2 loaded 1 chars with 0 blanks and 1 valid
8.9305 	DEBUG 	TextBox2 loaded 1 chars with 0 blanks and 1 valid
8.9308 	DEBUG 	Uploading Texture Font fontname to graphics card
8.9326 	DEBUG 	Upload of Texture Font fontname complete
8.9345 	EXP 	window1: Attempting to measure frame rate of screen (0) ...
8.9346 	EXP 	window1: recordFrameIntervals = False
9.1127 	EXP 	window1: recordFrameIntervals = True
9.2116 	WARNING 	t of last frame was 32.17ms (=1/31)
9.3796 	EXP 	Screen (0) actual frame rate measured at 59.57Hz
9.3796 	EXP 	window1: recordFrameIntervals = False
9.3846 	DEBUG 	TextBox2 loaded 1 chars with 0 blanks and 1 valid
9.3850 	DEBUG 	TextBox2 loaded 1 chars with 0 blanks and 1 valid
9.3858 	DEBUG 	TextBox2 loaded 1 chars with 0 blanks and 1 valid
9.3867 	DEBUG 	TextBox2 loaded 1 chars with 0 blanks and 1 valid
9.3876 	DEBUG 	TextBox2 loaded 1 chars with 0 blanks and 1 valid
9.3885 	DEBUG 	TextBox2 loaded 1 chars with 0 blanks and 1 valid
9.3890 	DEBUG 	TextBox2 loaded 1 chars with 0 blanks and 1 valid
9.3898 	DEBUG 	TextBox2 loaded 1 chars with 0 blanks and 1 valid
9.3906 	DEBUG 	TextBox2 loaded 1 chars with 0 blanks and 1 valid
9.3915 	DEBUG 	TextBox2 loaded 1 chars with 0 blanks and 1 valid
9.3917 	DEBUG 	Uploading Texture Font fontname to graphics card
9.3922 	DEBUG 	Upload of Texture Font fontname complete
9.4390 	WARNING 	launchHubServer: If using the iohub mouse or eyetracker devices, fullScr should be True.
12.2786 	INFO 	keyboard.Keyboard is using iohub backend.
12.2786 	EXP 	untitled: status = STARTED
12.6234 	EXP 	Created text = TextStim(__class__=<class 'psychopy.visual.text.TextStim'>, alignHoriz=method-wrapper(...), alignText='center', alignVert=method-wrapper(...), anchorHoriz='center', anchorVert='center', antialias=True, autoDraw=False, autoLog=True, bold=False, color=array([1., 1., 1.]), colorSpace='rgb', contrast=1.0, depth=0.0, draggable=False, flipHoriz=False, flipVert=False, font='Arial', fontFiles=[], height=0.05, italic=False, languageStyle='LTR', name='text', opacity=1, ori=0.0, pos=array([0., 0.]), rgb=UNKNOWN, text='Any text\n\nincluding line breaks', units='height', win=Window(...), wrapWidth=1)
12.6259 	EXP 	Created image = ImageStim(__class__=<class 'psychopy.visual.image.ImageStim'>, anchor=('center', 'center'), autoLog=True, color=array([1., 1., 1.]), colorSpace='rgb', contrast=1.0, depth=-1.0, draggable=False, flipHoriz=False, flipVert=False, image=None, interpolate=True, mask=None, maskParams=None, name='image', opacity=1, ori=0.0, pos=array([0., 0.]), size=array([0.5, 0.5]), texRes=128.0, units='height', win=Window(...))
12.6270 	EXP 	Created image_2 = ImageStim(__class__=<class 'psychopy.visual.image.ImageStim'>, anchor=('center', 'center'), autoLog=True, color=array([1., 1., 1.]), colorSpace='rgb', contrast=1.0, depth=-2.0, draggable=False, flipHoriz=False, flipVert=False, image=None, interpolate=True, mask=None, maskParams=None, name='image_2', opacity=1, ori=0.0, pos=array([0., 0.]), size=array([0.5, 0.5]), texRes=128.0, units='height', win=Window(...))
12.6294 	EXP 	Created fb = TextStim(__class__=<class 'psychopy.visual.text.TextStim'>, alignHoriz=method-wrapper(...), alignText='center', alignVert=method-wrapper(...), anchorHoriz='center', anchorVert='center', antialias=True, autoDraw=False, autoLog=True, bold=False, color=array([1., 1., 1.]), colorSpace='rgb', contrast=1.0, depth=-1.0, draggable=False, flipHoriz=False, flipVert=False, font='Open Sans', fontFiles=[], height=0.1, italic=False, languageStyle='LTR', name='fb', opacity=1, ori=0.0, pos=array([0., 0.]), rgb=UNKNOWN, text='', units='height', win=Window(...), wrapWidth=1)
12.6303 	EXP 	Created feedback_text = TextStim(__class__=<class 'psychopy.visual.text.TextStim'>, alignHoriz=method-wrapper(...), alignText='center', alignVert=method-wrapper(...), anchorHoriz='center', anchorVert='center', antialias=True, autoDraw=False, autoLog=True, bold=False, color=array([1., 1., 1.]), colorSpace='rgb', contrast=1.0, depth=-2.0, draggable=False, flipHoriz=False, flipVert=False, font='Arial', fontFiles=[], height=0.05, italic=False, languageStyle='LTR', name='feedback_text', opacity=1, ori=0.0, pos=array([0., 0.]), rgb=UNKNOWN, text='', units='height', win=Window(...), wrapWidth=1)
0.0220 	EXP 	New trial (rep=0, index=0): <Trial 0 (0 in rep 0) data={'thisN': 0, 'thisTrialN': 0, 'thisRepN': 0}>
0.0333 	EXP 	text: autoDraw = True
0.0333 	EXP 	image: autoDraw = True
0.7506 	EXP 	image_2: autoDraw = True
0.7837 	EXP 	image: autoDraw = False
1.0487 	EXP 	text: autoDraw = False
2.7525 	EXP 	image_2: autoDraw = False
2.8024 	DEBUG 	Saving data for untitled ExperimentHandler
2.8035 	INFO 	saved data to C:\Users\mattp\Documents\GitHub\Rhodes_Experiment\data/272746_untitled_2025-07-02_14h33.06.567.psydat
2.8043 	INFO 	saved data to 'C:\\Users\\mattp\\Documents\\GitHub\\Rhodes_Experiment\\data/272746_untitled_2025-07-02_14h33.06.567.csv'
