4.2362 	DEBUG 	Fullscreen settings ignored as running in pilot mode.
4.2367 	INFO 	Loaded monitor calibration from ['2025_07_02 14:21']
4.4416 	EXP 	Created window1 = Window(allowGUI=True, allowStencil=False, autoLog=True, backendConf=UNKNOWN, backgroundFit=<method-wrapper '__getattribute__' of attributeSetter object at 0x000001AB812CDE40>, backgroundImage=<method-wrapper '__getattribute__' of attributeSetter object at 0x000001AB812CDDE0>, bitsMode=UNKNOWN, blendMode='avg', bpc=(8, 8, 8), color=array([0, 0, 0]), colorSpace='rgb', depthBits=8, fullscr=False, gamma=None, gammaErrorPolicy='raise', infoMsg=UNKNOWN, lms=UNKNOWN, monitor=<psychopy.monitors.calibTools.Monitor object at 0x000001AB813250F0>, multiSample=False, name='window1', numSamples=2, pos=[560.0, 240.0], screen=0, size=array([800, 600]), stencilBits=0, stereo=False, title='PsychoPy', units='height', useFBO=True, useRetina=False, viewOri=0.0, viewPos=None, viewScale=None, waitBlanking=True, winType='pyglet')
4.4416 	EXP 	window1: backgroundImage = ''
4.4416 	EXP 	window1: backgroundFit = 'none'
4.4477 	DEBUG 	TextBox2 loaded 1 chars with 0 blanks and 1 valid
4.4484 	DEBUG 	TextBox2 loaded 1 chars with 0 blanks and 1 valid
4.4490 	DEBUG 	TextBox2 loaded 1 chars with 0 blanks and 1 valid
4.4498 	DEBUG 	TextBox2 loaded 1 chars with 0 blanks and 1 valid
4.4507 	DEBUG 	TextBox2 loaded 1 chars with 0 blanks and 1 valid
4.4511 	DEBUG 	TextBox2 loaded 1 chars with 0 blanks and 1 valid
4.4518 	DEBUG 	TextBox2 loaded 1 chars with 0 blanks and 1 valid
4.4526 	DEBUG 	TextBox2 loaded 1 chars with 0 blanks and 1 valid
4.4529 	DEBUG 	TextBox2 loaded 1 chars with 0 blanks and 1 valid
4.4532 	DEBUG 	TextBox2 loaded 1 chars with 0 blanks and 1 valid
4.4539 	DEBUG 	TextBox2 loaded 1 chars with 0 blanks and 1 valid
4.4545 	DEBUG 	TextBox2 loaded 1 chars with 0 blanks and 1 valid
4.4552 	DEBUG 	TextBox2 loaded 1 chars with 0 blanks and 1 valid
4.4558 	DEBUG 	TextBox2 loaded 1 chars with 0 blanks and 1 valid
4.4564 	DEBUG 	TextBox2 loaded 1 chars with 0 blanks and 1 valid
4.4570 	DEBUG 	TextBox2 loaded 1 chars with 0 blanks and 1 valid
4.4577 	DEBUG 	TextBox2 loaded 1 chars with 0 blanks and 1 valid
4.4581 	DEBUG 	TextBox2 loaded 1 chars with 0 blanks and 1 valid
4.4585 	DEBUG 	TextBox2 loaded 1 chars with 0 blanks and 1 valid
4.4594 	DEBUG 	TextBox2 loaded 1 chars with 0 blanks and 1 valid
4.4598 	DEBUG 	TextBox2 loaded 1 chars with 0 blanks and 1 valid
4.4601 	DEBUG 	Uploading Texture Font fontname to graphics card
4.4678 	DEBUG 	Upload of Texture Font fontname complete
4.4736 	DEBUG 	TextBox2 loaded 1 chars with 0 blanks and 1 valid
4.4745 	DEBUG 	TextBox2 loaded 1 chars with 0 blanks and 1 valid
4.4753 	DEBUG 	TextBox2 loaded 1 chars with 0 blanks and 1 valid
4.4755 	DEBUG 	Uploading Texture Font fontname to graphics card
4.4777 	DEBUG 	Upload of Texture Font fontname complete
4.4800 	EXP 	window1: Attempting to measure frame rate of screen (0) ...
4.4801 	EXP 	window1: recordFrameIntervals = False
4.6508 	EXP 	window1: recordFrameIntervals = True
4.8342 	EXP 	Screen (0) actual frame rate measured at 60.03Hz
4.8342 	EXP 	window1: recordFrameIntervals = False
4.8391 	DEBUG 	TextBox2 loaded 1 chars with 0 blanks and 1 valid
4.8396 	DEBUG 	TextBox2 loaded 1 chars with 0 blanks and 1 valid
4.8403 	DEBUG 	TextBox2 loaded 1 chars with 0 blanks and 1 valid
4.8414 	DEBUG 	TextBox2 loaded 1 chars with 0 blanks and 1 valid
4.8422 	DEBUG 	TextBox2 loaded 1 chars with 0 blanks and 1 valid
4.8432 	DEBUG 	TextBox2 loaded 1 chars with 0 blanks and 1 valid
4.8436 	DEBUG 	TextBox2 loaded 1 chars with 0 blanks and 1 valid
4.8444 	DEBUG 	TextBox2 loaded 1 chars with 0 blanks and 1 valid
4.8453 	DEBUG 	TextBox2 loaded 1 chars with 0 blanks and 1 valid
4.8461 	DEBUG 	TextBox2 loaded 1 chars with 0 blanks and 1 valid
4.8464 	DEBUG 	Uploading Texture Font fontname to graphics card
4.8470 	DEBUG 	Upload of Texture Font fontname complete
5.1060 	INFO 	keyboard.Keyboard is using ptb backend.
5.1060 	EXP 	untitled: status = STARTED
5.1756 	EXP 	Created text = TextStim(__class__=<class 'psychopy.visual.text.TextStim'>, alignHoriz=method-wrapper(...), alignText='center', alignVert=method-wrapper(...), anchorHoriz='center', anchorVert='center', antialias=True, autoDraw=False, autoLog=True, bold=False, color=array([1., 1., 1.]), colorSpace='rgb', contrast=1.0, depth=0.0, draggable=False, flipHoriz=False, flipVert=False, font='Arial', fontFiles=[], height=0.05, italic=False, languageStyle='LTR', name='text', opacity=1, ori=0.0, pos=array([0., 0.]), rgb=UNKNOWN, text='Any text\n\nincluding line breaks', units='height', win=Window(...), wrapWidth=1)
5.1796 	EXP 	Created image_2 = ImageStim(__class__=<class 'psychopy.visual.image.ImageStim'>, anchor=('center', 'center'), autoLog=True, color=array([1., 1., 1.]), colorSpace='rgb', contrast=1.0, depth=-1.0, draggable=False, flipHoriz=False, flipVert=False, image='C:/Users/mattp/Pictures/image (10).png', interpolate=True, mask=None, maskParams=None, name='image_2', opacity=1, ori=0.0, pos=array([0., 0.]), size=array([0.5, 0.5]), texRes=128.0, units='height', win=Window(...))
5.1817 	EXP 	Created rt_fb2 = TextStim(__class__=<class 'psychopy.visual.text.TextStim'>, alignHoriz=method-wrapper(...), alignText='center', alignVert=method-wrapper(...), anchorHoriz='center', anchorVert='center', antialias=True, autoDraw=False, autoLog=True, bold=False, color=array([1., 1., 1.]), colorSpace='rgb', contrast=1.0, depth=-1.0, draggable=False, flipHoriz=False, flipVert=False, font='Open Sans', fontFiles=[], height=0.1, italic=False, languageStyle='LTR', name='rt_fb2', opacity=1, ori=0.0, pos=array([0., 0.]), rgb=UNKNOWN, text='', units='height', win=Window(...), wrapWidth=1)
0.0046 	EXP 	New trial (rep=0, index=0): <Trial 0 (0 in rep 0) data={'thisN': 0, 'thisTrialN': 0, 'thisRepN': 0}>
0.0197 	EXP 	text: autoDraw = True
0.0197 	EXP 	image_2: autoDraw = True
0.4222 	DATA 	Mouse: Left button down, pos=(378,318)
0.4362 	EXP 	text: autoDraw = False
0.4362 	EXP 	image_2: autoDraw = False
0.4362 	EXP 	rt_fb2: height = 0.1
0.4362 	EXP 	rt_fb2: height = 0.1
0.4362 	EXP 	rt_fb2: height = 0.1
0.4362 	EXP 	rt_fb2: text = 'RT: 0.418 seconds'
0.4362 	EXP 	rt_fb2: autoDraw = True
0.5058 	DATA 	Mouse:  Left button up, pos=(378,318)
1.4221 	EXP 	New trial (rep=1, index=0): <Trial 1 (0 in rep 1) data={'thisN': 1, 'thisTrialN': 0, 'thisRepN': 1}>
1.4368 	EXP 	rt_fb2: autoDraw = False
1.4368 	EXP 	rt_fb2: autoDraw = False
1.4368 	EXP 	text: autoDraw = True
1.4368 	EXP 	image_2: autoDraw = True
1.8725 	DATA 	Mouse: Left button down, pos=(327,305)
1.8865 	EXP 	text: autoDraw = False
1.8865 	EXP 	image_2: autoDraw = False
1.8865 	EXP 	rt_fb2: height = 0.1
1.8865 	EXP 	rt_fb2: height = 0.1
1.8865 	EXP 	rt_fb2: height = 0.1
1.8865 	EXP 	rt_fb2: text = 'RT: 0.451 seconds'
1.8865 	EXP 	rt_fb2: autoDraw = True
1.9559 	DATA 	Mouse:  Left button up, pos=(327,305)
2.8720 	EXP 	New trial (rep=2, index=0): <Trial 2 (0 in rep 2) data={'thisN': 2, 'thisTrialN': 0, 'thisRepN': 2}>
2.8866 	EXP 	rt_fb2: autoDraw = False
2.8866 	EXP 	rt_fb2: autoDraw = False
2.8866 	EXP 	text: autoDraw = True
2.8866 	EXP 	image_2: autoDraw = True
3.8866 	EXP 	text: autoDraw = False
3.9060 	DATA 	Mouse: Left button down, pos=(380,321)
3.9198 	EXP 	text: autoDraw = False
3.9198 	EXP 	image_2: autoDraw = False
3.9198 	EXP 	rt_fb2: height = 0.1
3.9198 	EXP 	rt_fb2: height = 0.1
3.9198 	EXP 	rt_fb2: height = 0.1
3.9198 	EXP 	rt_fb2: text = 'RT: 1.034 seconds'
3.9198 	EXP 	rt_fb2: autoDraw = True
3.9742 	DATA 	Mouse:  Left button up, pos=(380,321)
4.9064 	EXP 	New trial (rep=3, index=0): <Trial 3 (0 in rep 3) data={'thisN': 3, 'thisTrialN': 0, 'thisRepN': 3}>
4.9199 	EXP 	rt_fb2: autoDraw = False
4.9199 	EXP 	rt_fb2: autoDraw = False
4.9199 	EXP 	text: autoDraw = True
4.9199 	EXP 	image_2: autoDraw = True
5.7227 	DATA 	Mouse: Left button down, pos=(443,309)
5.7365 	EXP 	text: autoDraw = False
5.7365 	EXP 	image_2: autoDraw = False
5.7365 	EXP 	rt_fb2: height = 0.1
5.7365 	EXP 	rt_fb2: height = 0.1
5.7365 	EXP 	rt_fb2: height = 0.1
5.7365 	EXP 	rt_fb2: text = 'RT: 0.816 seconds'
5.7365 	EXP 	rt_fb2: autoDraw = True
5.8225 	DATA 	Mouse:  Left button up, pos=(443,309)
6.7220 	EXP 	New trial (rep=4, index=0): <Trial 4 (0 in rep 4) data={'thisN': 4, 'thisTrialN': 0, 'thisRepN': 4}>
6.7366 	EXP 	rt_fb2: autoDraw = False
6.7366 	EXP 	rt_fb2: autoDraw = False
6.7366 	EXP 	text: autoDraw = True
6.7366 	EXP 	image_2: autoDraw = True
7.2559 	DATA 	Mouse: Left button down, pos=(410,296)
7.2704 	EXP 	text: autoDraw = False
7.2704 	EXP 	image_2: autoDraw = False
7.2704 	EXP 	rt_fb2: height = 0.1
7.2704 	EXP 	rt_fb2: height = 0.1
7.2704 	EXP 	rt_fb2: height = 0.1
7.2704 	EXP 	rt_fb2: text = 'RT: 0.517 seconds'
7.2704 	EXP 	rt_fb2: autoDraw = True
7.3402 	DATA 	Mouse:  Left button up, pos=(413,298)
8.2698 	EXP 	rt_fb2: autoDraw = False
8.2698 	EXP 	rt_fb2: autoDraw = False
8.2718 	EXP 	untitled: status = STOPPED
8.2741 	INFO 	saved data to 'C:\\Users\\mattp\\Documents\\GitHub\\Rhodes_Experiment\\data/429923_untitled_2025-07-02_15h21.14.393.csv'
8.2749 	INFO 	saved data to C:\Users\mattp\Documents\GitHub\Rhodes_Experiment\data/429923_untitled_2025-07-02_15h21.14.393.psydat
8.3085 	DEBUG 	Saving data for untitled ExperimentHandler
8.3104 	WARNING 	Stopping key buffers but this could be dangerous ifother keyboards rely on the same.
