4.4814 	DEBUG 	Fullscreen settings ignored as running in pilot mode.
4.4822 	INFO 	Loaded monitor calibration from ['2025_07_02 14:21']
4.7258 	EXP 	Created window1 = Window(allowGUI=True, allowStencil=False, autoLog=True, backendConf=UNKNOWN, backgroundFit=<method-wrapper '__getattribute__' of attributeSetter object at 0x000002A9AE6FFF10>, backgroundImage=<method-wrapper '__getattribute__' of attributeSetter object at 0x000002A9AE6FF160>, bitsMode=UNKNOWN, blendMode='avg', bpc=(8, 8, 8), color=array([0, 0, 0]), colorSpace='rgb', depthBits=8, fullscr=False, gamma=None, gammaErrorPolicy='raise', infoMsg=UNKNOWN, lms=UNKNOWN, monitor=<psychopy.monitors.calibTools.Monitor object at 0x000002A9AE8075B0>, multiSample=False, name='window1', numSamples=2, pos=[560.0, 240.0], screen=0, size=array([800, 600]), stencilBits=0, stereo=False, title='PsychoPy', units='height', useFBO=True, useRetina=False, viewOri=0.0, viewPos=None, viewScale=None, waitBlanking=True, winType='pyglet')
4.7259 	EXP 	window1: backgroundImage = ''
4.7259 	EXP 	window1: backgroundFit = 'none'
4.7318 	DEBUG 	TextBox2 loaded 1 chars with 0 blanks and 1 valid
4.7325 	DEBUG 	TextBox2 loaded 1 chars with 0 blanks and 1 valid
4.7331 	DEBUG 	TextBox2 loaded 1 chars with 0 blanks and 1 valid
4.7339 	DEBUG 	TextBox2 loaded 1 chars with 0 blanks and 1 valid
4.7348 	DEBUG 	TextBox2 loaded 1 chars with 0 blanks and 1 valid
4.7352 	DEBUG 	TextBox2 loaded 1 chars with 0 blanks and 1 valid
4.7358 	DEBUG 	TextBox2 loaded 1 chars with 0 blanks and 1 valid
4.7367 	DEBUG 	TextBox2 loaded 1 chars with 0 blanks and 1 valid
4.7370 	DEBUG 	TextBox2 loaded 1 chars with 0 blanks and 1 valid
4.7373 	DEBUG 	TextBox2 loaded 1 chars with 0 blanks and 1 valid
4.7380 	DEBUG 	TextBox2 loaded 1 chars with 0 blanks and 1 valid
4.7386 	DEBUG 	TextBox2 loaded 1 chars with 0 blanks and 1 valid
4.7392 	DEBUG 	TextBox2 loaded 1 chars with 0 blanks and 1 valid
4.7399 	DEBUG 	TextBox2 loaded 1 chars with 0 blanks and 1 valid
4.7405 	DEBUG 	TextBox2 loaded 1 chars with 0 blanks and 1 valid
4.7412 	DEBUG 	TextBox2 loaded 1 chars with 0 blanks and 1 valid
4.7419 	DEBUG 	TextBox2 loaded 1 chars with 0 blanks and 1 valid
4.7422 	DEBUG 	TextBox2 loaded 1 chars with 0 blanks and 1 valid
4.7427 	DEBUG 	TextBox2 loaded 1 chars with 0 blanks and 1 valid
4.7435 	DEBUG 	TextBox2 loaded 1 chars with 0 blanks and 1 valid
4.7439 	DEBUG 	TextBox2 loaded 1 chars with 0 blanks and 1 valid
4.7442 	DEBUG 	Uploading Texture Font fontname to graphics card
4.7458 	DEBUG 	Upload of Texture Font fontname complete
4.7514 	DEBUG 	TextBox2 loaded 1 chars with 0 blanks and 1 valid
4.7523 	DEBUG 	TextBox2 loaded 1 chars with 0 blanks and 1 valid
4.7531 	DEBUG 	TextBox2 loaded 1 chars with 0 blanks and 1 valid
4.7534 	DEBUG 	Uploading Texture Font fontname to graphics card
4.7542 	DEBUG 	Upload of Texture Font fontname complete
4.7559 	EXP 	window1: Attempting to measure frame rate of screen (0) ...
4.7559 	EXP 	window1: recordFrameIntervals = False
4.9217 	EXP 	window1: recordFrameIntervals = True
5.1052 	EXP 	Screen (0) actual frame rate measured at 59.95Hz
5.1052 	EXP 	window1: recordFrameIntervals = False
5.1102 	DEBUG 	TextBox2 loaded 1 chars with 0 blanks and 1 valid
5.1106 	DEBUG 	TextBox2 loaded 1 chars with 0 blanks and 1 valid
5.1114 	DEBUG 	TextBox2 loaded 1 chars with 0 blanks and 1 valid
5.1123 	DEBUG 	TextBox2 loaded 1 chars with 0 blanks and 1 valid
5.1132 	DEBUG 	TextBox2 loaded 1 chars with 0 blanks and 1 valid
5.1142 	DEBUG 	TextBox2 loaded 1 chars with 0 blanks and 1 valid
5.1147 	DEBUG 	TextBox2 loaded 1 chars with 0 blanks and 1 valid
5.1154 	DEBUG 	TextBox2 loaded 1 chars with 0 blanks and 1 valid
5.1164 	DEBUG 	TextBox2 loaded 1 chars with 0 blanks and 1 valid
5.1172 	DEBUG 	TextBox2 loaded 1 chars with 0 blanks and 1 valid
5.1175 	DEBUG 	Uploading Texture Font fontname to graphics card
5.1180 	DEBUG 	Upload of Texture Font fontname complete
5.3927 	INFO 	keyboard.Keyboard is using ptb backend.
5.3928 	INFO 	keyboard.Keyboard is using ptb backend.
5.3929 	EXP 	untitled: status = STARTED
5.4144 	EXP 	Created text = TextStim(__class__=<class 'psychopy.visual.text.TextStim'>, alignHoriz=method-wrapper(...), alignText='center', alignVert=method-wrapper(...), anchorHoriz='center', anchorVert='center', antialias=True, autoDraw=False, autoLog=True, bold=False, color=array([1., 1., 1.]), colorSpace='rgb', contrast=1.0, depth=0.0, draggable=False, flipHoriz=False, flipVert=False, font='Arial', fontFiles=[], height=0.05, italic=False, languageStyle='LTR', name='text', opacity=1, ori=0.0, pos=array([0., 0.]), rgb=UNKNOWN, text='', units='height', win=Window(...), wrapWidth=1)
5.4407 	EXP 	Created image = ImageStim(__class__=<class 'psychopy.visual.image.ImageStim'>, anchor=('center', 'center'), autoLog=True, color=array([1., 1., 1.]), colorSpace='rgb', contrast=1.0, depth=-1.0, draggable=False, flipHoriz=False, flipVert=False, image='C:/Users/mattp/Pictures/image (9).png', interpolate=True, mask=None, maskParams=None, name='image', opacity=1, ori=0.0, pos=array([-0.5,  0. ]), size=array([0.5, 0.5]), texRes=128.0, units='height', win=Window(...))
5.4442 	EXP 	Created image_2 = ImageStim(__class__=<class 'psychopy.visual.image.ImageStim'>, anchor=('center', 'center'), autoLog=True, color=array([1., 1., 1.]), colorSpace='rgb', contrast=1.0, depth=-2.0, draggable=False, flipHoriz=False, flipVert=False, image='C:/Users/mattp/Pictures/image (10).png', interpolate=True, mask=None, maskParams=None, name='image_2', opacity=1, ori=0.0, pos=array([0.5, 0. ]), size=array([0.5, 0.5]), texRes=128.0, units='height', win=Window(...))
5.4460 	EXP 	Created fb_2 = TextStim(__class__=<class 'psychopy.visual.text.TextStim'>, alignHoriz=method-wrapper(...), alignText='center', alignVert=method-wrapper(...), anchorHoriz='center', anchorVert='center', antialias=True, autoDraw=False, autoLog=True, bold=False, color=array([1., 1., 1.]), colorSpace='rgb', contrast=1.0, depth=-1.0, draggable=False, flipHoriz=False, flipVert=False, font='Open Sans', fontFiles=[], height=0.1, italic=False, languageStyle='LTR', name='fb_2', opacity=1, ori=0.0, pos=array([0., 0.]), rgb=UNKNOWN, text='', units='height', win=Window(...), wrapWidth=1)
0.0377 	DEBUG 	Saving data for untitled ExperimentHandler
0.0381 	INFO 	saved data to C:\Users\mattp\Documents\GitHub\Rhodes_Experiment\data/563341_untitled_2025-07-03_13h37.20.795.psydat
0.0390 	INFO 	saved data to 'C:\\Users\\mattp\\Documents\\GitHub\\Rhodes_Experiment\\data/563341_untitled_2025-07-03_13h37.20.795.csv'
0.0412 	WARNING 	Stopping key buffers but this could be dangerous ifother keyboards rely on the same.
0.0482 	WARNING 	Stopping key buffers but this could be dangerous ifother keyboards rely on the same.
