4.6097 	DEBUG 	Fullscreen settings ignored as running in pilot mode.
4.6102 	INFO 	Loaded monitor calibration from ['2025_07_02 14:21']
4.8121 	EXP 	Created window1 = Window(allowGUI=True, allowStencil=False, autoLog=True, backendConf=UNKNOWN, backgroundFit=<method-wrapper '__getattribute__' of attributeSetter object at 0x0000029A14186050>, backgroundImage=<method-wrapper '__getattribute__' of attributeSetter object at 0x0000029A14185660>, bitsMode=UNKNOWN, blendMode='avg', bpc=(8, 8, 8), color=array([0, 0, 0]), colorSpace='rgb', depthBits=8, fullscr=False, gamma=None, gammaErrorPolicy='raise', infoMsg=UNKNOWN, lms=UNKNOWN, monitor=<psychopy.monitors.calibTools.Monitor object at 0x0000029A142950C0>, multiSample=False, name='window1', numSamples=2, pos=[560.0, 240.0], screen=0, size=array([800, 600]), stencilBits=0, stereo=False, title='PsychoPy', units='height', useFBO=True, useRetina=False, viewOri=0.0, viewPos=None, viewScale=None, waitBlanking=True, winType='pyglet')
4.8122 	EXP 	window1: backgroundImage = ''
4.8122 	EXP 	window1: backgroundFit = 'none'
4.8181 	DEBUG 	TextBox2 loaded 1 chars with 0 blanks and 1 valid
4.8187 	DEBUG 	TextBox2 loaded 1 chars with 0 blanks and 1 valid
4.8194 	DEBUG 	TextBox2 loaded 1 chars with 0 blanks and 1 valid
4.8202 	DEBUG 	TextBox2 loaded 1 chars with 0 blanks and 1 valid
4.8210 	DEBUG 	TextBox2 loaded 1 chars with 0 blanks and 1 valid
4.8214 	DEBUG 	TextBox2 loaded 1 chars with 0 blanks and 1 valid
4.8221 	DEBUG 	TextBox2 loaded 1 chars with 0 blanks and 1 valid
4.8229 	DEBUG 	TextBox2 loaded 1 chars with 0 blanks and 1 valid
4.8232 	DEBUG 	TextBox2 loaded 1 chars with 0 blanks and 1 valid
4.8235 	DEBUG 	TextBox2 loaded 1 chars with 0 blanks and 1 valid
4.8241 	DEBUG 	TextBox2 loaded 1 chars with 0 blanks and 1 valid
4.8248 	DEBUG 	TextBox2 loaded 1 chars with 0 blanks and 1 valid
4.8254 	DEBUG 	TextBox2 loaded 1 chars with 0 blanks and 1 valid
4.8260 	DEBUG 	TextBox2 loaded 1 chars with 0 blanks and 1 valid
4.8266 	DEBUG 	TextBox2 loaded 1 chars with 0 blanks and 1 valid
4.8273 	DEBUG 	TextBox2 loaded 1 chars with 0 blanks and 1 valid
4.8279 	DEBUG 	TextBox2 loaded 1 chars with 0 blanks and 1 valid
4.8283 	DEBUG 	TextBox2 loaded 1 chars with 0 blanks and 1 valid
4.8288 	DEBUG 	TextBox2 loaded 1 chars with 0 blanks and 1 valid
4.8296 	DEBUG 	TextBox2 loaded 1 chars with 0 blanks and 1 valid
4.8300 	DEBUG 	TextBox2 loaded 1 chars with 0 blanks and 1 valid
4.8303 	DEBUG 	Uploading Texture Font fontname to graphics card
4.8366 	DEBUG 	Upload of Texture Font fontname complete
4.8424 	DEBUG 	TextBox2 loaded 1 chars with 0 blanks and 1 valid
4.8433 	DEBUG 	TextBox2 loaded 1 chars with 0 blanks and 1 valid
4.8441 	DEBUG 	TextBox2 loaded 1 chars with 0 blanks and 1 valid
4.8444 	DEBUG 	Uploading Texture Font fontname to graphics card
4.8454 	DEBUG 	Upload of Texture Font fontname complete
4.8471 	EXP 	window1: Attempting to measure frame rate of screen (0) ...
4.8471 	EXP 	window1: recordFrameIntervals = False
5.0171 	EXP 	window1: recordFrameIntervals = True
5.2005 	EXP 	Screen (0) actual frame rate measured at 60.10Hz
5.2006 	EXP 	window1: recordFrameIntervals = False
5.2055 	DEBUG 	TextBox2 loaded 1 chars with 0 blanks and 1 valid
5.2060 	DEBUG 	TextBox2 loaded 1 chars with 0 blanks and 1 valid
5.2068 	DEBUG 	TextBox2 loaded 1 chars with 0 blanks and 1 valid
5.2077 	DEBUG 	TextBox2 loaded 1 chars with 0 blanks and 1 valid
5.2086 	DEBUG 	TextBox2 loaded 1 chars with 0 blanks and 1 valid
5.2095 	DEBUG 	TextBox2 loaded 1 chars with 0 blanks and 1 valid
5.2100 	DEBUG 	TextBox2 loaded 1 chars with 0 blanks and 1 valid
5.2107 	DEBUG 	TextBox2 loaded 1 chars with 0 blanks and 1 valid
5.2116 	DEBUG 	TextBox2 loaded 1 chars with 0 blanks and 1 valid
5.2125 	DEBUG 	TextBox2 loaded 1 chars with 0 blanks and 1 valid
5.2127 	DEBUG 	Uploading Texture Font fontname to graphics card
5.2133 	DEBUG 	Upload of Texture Font fontname complete
5.4738 	INFO 	keyboard.Keyboard is using ptb backend.
5.4738 	EXP 	untitled: status = STARTED
5.5434 	EXP 	Created text = TextStim(__class__=<class 'psychopy.visual.text.TextStim'>, alignHoriz=method-wrapper(...), alignText='center', alignVert=method-wrapper(...), anchorHoriz='center', anchorVert='center', antialias=True, autoDraw=False, autoLog=True, bold=False, color=array([1., 1., 1.]), colorSpace='rgb', contrast=1.0, depth=0.0, draggable=False, flipHoriz=False, flipVert=False, font='Arial', fontFiles=[], height=0.05, italic=False, languageStyle='LTR', name='text', opacity=1, ori=0.0, pos=array([0., 0.]), rgb=UNKNOWN, text='Any text\n\nincluding line breaks', units='height', win=Window(...), wrapWidth=1)
5.5473 	EXP 	Created image_2 = ImageStim(__class__=<class 'psychopy.visual.image.ImageStim'>, anchor=('center', 'center'), autoLog=True, color=array([1., 1., 1.]), colorSpace='rgb', contrast=1.0, depth=-1.0, draggable=False, flipHoriz=False, flipVert=False, image='C:/Users/mattp/Pictures/image (10).png', interpolate=True, mask=None, maskParams=None, name='image_2', opacity=1, ori=0.0, pos=array([0.5, 0. ]), size=array([0.5, 0.5]), texRes=128.0, units='height', win=Window(...))
5.5492 	EXP 	Created rt_fb2 = TextStim(__class__=<class 'psychopy.visual.text.TextStim'>, alignHoriz=method-wrapper(...), alignText='center', alignVert=method-wrapper(...), anchorHoriz='center', anchorVert='center', antialias=True, autoDraw=False, autoLog=True, bold=False, color=array([1., 1., 1.]), colorSpace='rgb', contrast=1.0, depth=-1.0, draggable=False, flipHoriz=False, flipVert=False, font='Open Sans', fontFiles=[], height=0.1, italic=False, languageStyle='LTR', name='rt_fb2', opacity=1, ori=0.0, pos=array([0., 0.]), rgb=UNKNOWN, text='', units='height', win=Window(...), wrapWidth=1)
0.0045 	EXP 	New trial (rep=0, index=0): <Trial 0 (0 in rep 0) data={'thisN': 0, 'thisTrialN': 0, 'thisRepN': 0}>
0.0180 	EXP 	text: autoDraw = True
0.0180 	EXP 	image_2: autoDraw = True
1.0184 	EXP 	text: autoDraw = False
2.2711 	DATA 	Keypress: escape
2.4390 	EXP 	untitled: status = STOPPED
2.4528 	EXP 	image_2: autoDraw = False
2.4551 	EXP 	untitled: status = STOPPED
2.4565 	INFO 	saved data to 'C:\\Users\\mattp\\Documents\\GitHub\\Rhodes_Experiment\\data/585208_untitled_2025-07-02_15h23.26.835.csv'
2.4572 	INFO 	saved data to C:\Users\mattp\Documents\GitHub\Rhodes_Experiment\data/585208_untitled_2025-07-02_15h23.26.835.psydat
2.4902 	DEBUG 	Saving data for untitled ExperimentHandler
2.4913 	WARNING 	Stopping key buffers but this could be dangerous ifother keyboards rely on the same.
