18.0432 	DEBUG 	Fullscreen settings ignored as running in pilot mode.
18.0438 	INFO 	Loaded monitor calibration from ['2025_07_02 14:21']
18.9788 	EXP 	Created window1 = Window(allowGUI=False, allowStencil=False, autoLog=True, backendConf=UNKNOWN, backgroundFit=<method-wrapper '__getattribute__' of attributeSetter object at 0x00000150CED2FE80>, backgroundImage=<method-wrapper '__getattribute__' of attributeSetter object at 0x00000150CED2FEE0>, bitsMode=UNKNOWN, blendMode='avg', bpc=(8, 8, 8), color=array([0, 0, 0]), colorSpace='rgb', depthBits=8, fullscr=False, gamma=None, gammaErrorPolicy='raise', infoMsg=UNKNOWN, lms=UNKNOWN, monitor=<psychopy.monitors.calibTools.Monitor object at 0x00000150CEE37760>, multiSample=False, name='window1', numSamples=2, pos=[560.0, 240.0], screen=0, size=array([800, 600]), stencilBits=0, stereo=False, title='PsychoPy', units='height', useFBO=True, useRetina=False, viewOri=0.0, viewPos=None, viewScale=None, waitBlanking=True, winType='pyglet')
18.9789 	EXP 	window1: backgroundImage = ''
18.9789 	EXP 	window1: backgroundFit = 'none'
18.9984 	DEBUG 	TextBox2 loaded 1 chars with 0 blanks and 1 valid
18.9991 	DEBUG 	TextBox2 loaded 1 chars with 0 blanks and 1 valid
18.9997 	DEBUG 	TextBox2 loaded 1 chars with 0 blanks and 1 valid
19.0005 	DEBUG 	TextBox2 loaded 1 chars with 0 blanks and 1 valid
19.0013 	DEBUG 	TextBox2 loaded 1 chars with 0 blanks and 1 valid
19.0018 	DEBUG 	TextBox2 loaded 1 chars with 0 blanks and 1 valid
19.0024 	DEBUG 	TextBox2 loaded 1 chars with 0 blanks and 1 valid
19.0033 	DEBUG 	TextBox2 loaded 1 chars with 0 blanks and 1 valid
19.0035 	DEBUG 	TextBox2 loaded 1 chars with 0 blanks and 1 valid
19.0038 	DEBUG 	TextBox2 loaded 1 chars with 0 blanks and 1 valid
19.0045 	DEBUG 	TextBox2 loaded 1 chars with 0 blanks and 1 valid
19.0051 	DEBUG 	TextBox2 loaded 1 chars with 0 blanks and 1 valid
19.0057 	DEBUG 	TextBox2 loaded 1 chars with 0 blanks and 1 valid
19.0064 	DEBUG 	TextBox2 loaded 1 chars with 0 blanks and 1 valid
19.0069 	DEBUG 	TextBox2 loaded 1 chars with 0 blanks and 1 valid
19.0076 	DEBUG 	TextBox2 loaded 1 chars with 0 blanks and 1 valid
19.0083 	DEBUG 	TextBox2 loaded 1 chars with 0 blanks and 1 valid
19.0086 	DEBUG 	TextBox2 loaded 1 chars with 0 blanks and 1 valid
19.0091 	DEBUG 	TextBox2 loaded 1 chars with 0 blanks and 1 valid
19.0099 	DEBUG 	TextBox2 loaded 1 chars with 0 blanks and 1 valid
19.0105 	DEBUG 	TextBox2 loaded 1 chars with 0 blanks and 1 valid
19.0122 	DEBUG 	Uploading Texture Font fontname to graphics card
19.0177 	DEBUG 	Upload of Texture Font fontname complete
19.0241 	DEBUG 	TextBox2 loaded 1 chars with 0 blanks and 1 valid
19.0250 	DEBUG 	TextBox2 loaded 1 chars with 0 blanks and 1 valid
19.0258 	DEBUG 	TextBox2 loaded 1 chars with 0 blanks and 1 valid
19.0261 	DEBUG 	Uploading Texture Font fontname to graphics card
19.0280 	DEBUG 	Upload of Texture Font fontname complete
19.0299 	EXP 	window1: Attempting to measure frame rate of screen (0) ...
19.0299 	EXP 	window1: recordFrameIntervals = False
19.1985 	EXP 	window1: recordFrameIntervals = True
19.4314 	EXP 	Screen (0) actual frame rate measured at 61.01Hz
19.4315 	EXP 	window1: recordFrameIntervals = False
19.4363 	DEBUG 	TextBox2 loaded 1 chars with 0 blanks and 1 valid
19.4370 	DEBUG 	TextBox2 loaded 1 chars with 0 blanks and 1 valid
19.4378 	DEBUG 	TextBox2 loaded 1 chars with 0 blanks and 1 valid
19.4387 	DEBUG 	TextBox2 loaded 1 chars with 0 blanks and 1 valid
19.4396 	DEBUG 	TextBox2 loaded 1 chars with 0 blanks and 1 valid
19.4405 	DEBUG 	TextBox2 loaded 1 chars with 0 blanks and 1 valid
19.4410 	DEBUG 	TextBox2 loaded 1 chars with 0 blanks and 1 valid
19.4418 	DEBUG 	TextBox2 loaded 1 chars with 0 blanks and 1 valid
19.4427 	DEBUG 	TextBox2 loaded 1 chars with 0 blanks and 1 valid
19.4435 	DEBUG 	TextBox2 loaded 1 chars with 0 blanks and 1 valid
19.4438 	DEBUG 	Uploading Texture Font fontname to graphics card
19.4443 	DEBUG 	Upload of Texture Font fontname complete
19.4879 	WARNING 	launchHubServer: If using the iohub mouse or eyetracker devices, fullScr should be True.
22.4963 	INFO 	keyboard.Keyboard is using iohub backend.
22.4963 	EXP 	untitled: status = STARTED
22.7805 	EXP 	Created text = TextStim(__class__=<class 'psychopy.visual.text.TextStim'>, alignHoriz=method-wrapper(...), alignText='center', alignVert=method-wrapper(...), anchorHoriz='center', anchorVert='center', antialias=True, autoDraw=False, autoLog=True, bold=False, color=array([1., 1., 1.]), colorSpace='rgb', contrast=1.0, depth=0.0, draggable=False, flipHoriz=False, flipVert=False, font='Arial', fontFiles=[], height=0.05, italic=False, languageStyle='LTR', name='text', opacity=1, ori=0.0, pos=array([0., 0.]), rgb=UNKNOWN, text='Any text\n\nincluding line breaks', units='height', win=Window(...), wrapWidth=1)
22.8228 	EXP 	Created image = ImageStim(__class__=<class 'psychopy.visual.image.ImageStim'>, anchor=('center', 'center'), autoLog=True, color=array([1., 1., 1.]), colorSpace='rgb', contrast=1.0, depth=-1.0, draggable=False, flipHoriz=False, flipVert=False, image='C:/Users/mattp/Pictures/image (9).png', interpolate=True, mask=None, maskParams=None, name='image', opacity=1, ori=0.0, pos=array([0., 0.]), size=array([0.5, 0.5]), texRes=128.0, units='height', win=Window(...))
22.8356 	EXP 	Created image_2 = ImageStim(__class__=<class 'psychopy.visual.image.ImageStim'>, anchor=('center', 'center'), autoLog=True, color=array([1., 1., 1.]), colorSpace='rgb', contrast=1.0, depth=-2.0, draggable=False, flipHoriz=False, flipVert=False, image='C:/Users/mattp/Pictures/image (10).png', interpolate=True, mask=None, maskParams=None, name='image_2', opacity=1, ori=0.0, pos=array([0., 0.]), size=array([0.5, 0.5]), texRes=128.0, units='height', win=Window(...))
22.8380 	EXP 	Created fb = TextStim(__class__=<class 'psychopy.visual.text.TextStim'>, alignHoriz=method-wrapper(...), alignText='center', alignVert=method-wrapper(...), anchorHoriz='center', anchorVert='center', antialias=True, autoDraw=False, autoLog=True, bold=False, color=array([1., 1., 1.]), colorSpace='rgb', contrast=1.0, depth=-1.0, draggable=False, flipHoriz=False, flipVert=False, font='Open Sans', fontFiles=[], height=0.1, italic=False, languageStyle='LTR', name='fb', opacity=1, ori=0.0, pos=array([0., 0.]), rgb=UNKNOWN, text='', units='height', win=Window(...), wrapWidth=1)
22.8386 	EXP 	Created feedback_text = TextStim(__class__=<class 'psychopy.visual.text.TextStim'>, alignHoriz=method-wrapper(...), alignText='center', alignVert=method-wrapper(...), anchorHoriz='center', anchorVert='center', antialias=True, autoDraw=False, autoLog=True, bold=False, color=array([1., 1., 1.]), colorSpace='rgb', contrast=1.0, depth=-2.0, draggable=False, flipHoriz=False, flipVert=False, font='Arial', fontFiles=[], height=0.05, italic=False, languageStyle='LTR', name='feedback_text', opacity=1, ori=0.0, pos=array([0., 0.]), rgb=UNKNOWN, text='', units='height', win=Window(...), wrapWidth=1)
0.0124 	EXP 	New trial (rep=0, index=0): <Trial 0 (0 in rep 0) data={'thisN': 0, 'thisTrialN': 0, 'thisRepN': 0}>
0.0417 	EXP 	text: autoDraw = True
0.0417 	EXP 	image: autoDraw = True
0.7596 	EXP 	image_2: autoDraw = True
0.7928 	EXP 	image: autoDraw = False
1.0427 	EXP 	text: autoDraw = False
2.7594 	EXP 	image_2: autoDraw = False
2.7920 	DEBUG 	Saving data for untitled ExperimentHandler
2.7929 	INFO 	saved data to C:\Users\mattp\Documents\GitHub\Rhodes_Experiment\data/585612_untitled_2025-07-02_14h46.10.637.psydat
2.7935 	INFO 	saved data to 'C:\\Users\\mattp\\Documents\\GitHub\\Rhodes_Experiment\\data/585612_untitled_2025-07-02_14h46.10.637.csv'
