4.1820 	DEBUG 	Fullscreen settings ignored as running in pilot mode.
4.1825 	INFO 	Loaded monitor calibration from ['2025_07_02 14:21']
4.3858 	EXP 	Created window1 = Window(allowGUI=True, allowStencil=False, autoLog=True, backendConf=UNKNOWN, backgroundFit=<method-wrapper '__getattribute__' of attributeSetter object at 0x000001D13B8A9CC0>, backgroundImage=<method-wrapper '__getattribute__' of attributeSetter object at 0x000001D13B8A9C60>, bitsMode=UNKNOWN, blendMode='avg', bpc=(8, 8, 8), color=array([0, 0, 0]), colorSpace='rgb', depthBits=8, fullscr=False, gamma=None, gammaErrorPolicy='raise', infoMsg=UNKNOWN, lms=UNKNOWN, monitor=<psychopy.monitors.calibTools.Monitor object at 0x000001D13B9052D0>, multiSample=False, name='window1', numSamples=2, pos=[560.0, 240.0], screen=0, size=array([800, 600]), stencilBits=0, stereo=False, title='PsychoPy', units='height', useFBO=True, useRetina=False, viewOri=0.0, viewPos=None, viewScale=None, waitBlanking=True, winType='pyglet')
4.3858 	EXP 	window1: backgroundImage = ''
4.3858 	EXP 	window1: backgroundFit = 'none'
4.3920 	DEBUG 	TextBox2 loaded 1 chars with 0 blanks and 1 valid
4.3926 	DEBUG 	TextBox2 loaded 1 chars with 0 blanks and 1 valid
4.3933 	DEBUG 	TextBox2 loaded 1 chars with 0 blanks and 1 valid
4.3941 	DEBUG 	TextBox2 loaded 1 chars with 0 blanks and 1 valid
4.3949 	DEBUG 	TextBox2 loaded 1 chars with 0 blanks and 1 valid
4.3954 	DEBUG 	TextBox2 loaded 1 chars with 0 blanks and 1 valid
4.3960 	DEBUG 	TextBox2 loaded 1 chars with 0 blanks and 1 valid
4.3969 	DEBUG 	TextBox2 loaded 1 chars with 0 blanks and 1 valid
4.3973 	DEBUG 	TextBox2 loaded 1 chars with 0 blanks and 1 valid
4.3977 	DEBUG 	TextBox2 loaded 1 chars with 0 blanks and 1 valid
4.3987 	DEBUG 	TextBox2 loaded 1 chars with 0 blanks and 1 valid
4.3997 	DEBUG 	TextBox2 loaded 1 chars with 0 blanks and 1 valid
4.4007 	DEBUG 	TextBox2 loaded 1 chars with 0 blanks and 1 valid
4.4017 	DEBUG 	TextBox2 loaded 1 chars with 0 blanks and 1 valid
4.4025 	DEBUG 	TextBox2 loaded 1 chars with 0 blanks and 1 valid
4.4036 	DEBUG 	TextBox2 loaded 1 chars with 0 blanks and 1 valid
4.4046 	DEBUG 	TextBox2 loaded 1 chars with 0 blanks and 1 valid
4.4053 	DEBUG 	TextBox2 loaded 1 chars with 0 blanks and 1 valid
4.4060 	DEBUG 	TextBox2 loaded 1 chars with 0 blanks and 1 valid
4.4075 	DEBUG 	TextBox2 loaded 1 chars with 0 blanks and 1 valid
4.4081 	DEBUG 	TextBox2 loaded 1 chars with 0 blanks and 1 valid
4.4086 	DEBUG 	Uploading Texture Font fontname to graphics card
4.4114 	DEBUG 	Upload of Texture Font fontname complete
4.4172 	DEBUG 	TextBox2 loaded 1 chars with 0 blanks and 1 valid
4.4181 	DEBUG 	TextBox2 loaded 1 chars with 0 blanks and 1 valid
4.4189 	DEBUG 	TextBox2 loaded 1 chars with 0 blanks and 1 valid
4.4192 	DEBUG 	Uploading Texture Font fontname to graphics card
4.4201 	DEBUG 	Upload of Texture Font fontname complete
4.4217 	EXP 	window1: Attempting to measure frame rate of screen (0) ...
4.4217 	EXP 	window1: recordFrameIntervals = False
4.5816 	EXP 	window1: recordFrameIntervals = True
4.7652 	EXP 	Screen (0) actual frame rate measured at 59.90Hz
4.7652 	EXP 	window1: recordFrameIntervals = False
4.7704 	DEBUG 	TextBox2 loaded 1 chars with 0 blanks and 1 valid
4.7709 	DEBUG 	TextBox2 loaded 1 chars with 0 blanks and 1 valid
4.7716 	DEBUG 	TextBox2 loaded 1 chars with 0 blanks and 1 valid
4.7726 	DEBUG 	TextBox2 loaded 1 chars with 0 blanks and 1 valid
4.7734 	DEBUG 	TextBox2 loaded 1 chars with 0 blanks and 1 valid
4.7743 	DEBUG 	TextBox2 loaded 1 chars with 0 blanks and 1 valid
4.7748 	DEBUG 	TextBox2 loaded 1 chars with 0 blanks and 1 valid
4.7756 	DEBUG 	TextBox2 loaded 1 chars with 0 blanks and 1 valid
4.7765 	DEBUG 	TextBox2 loaded 1 chars with 0 blanks and 1 valid
4.7773 	DEBUG 	TextBox2 loaded 1 chars with 0 blanks and 1 valid
4.7776 	DEBUG 	Uploading Texture Font fontname to graphics card
4.7782 	DEBUG 	Upload of Texture Font fontname complete
5.0392 	INFO 	keyboard.Keyboard is using ptb backend.
5.0393 	EXP 	untitled: status = STARTED
5.1047 	EXP 	Created text = TextStim(__class__=<class 'psychopy.visual.text.TextStim'>, alignHoriz=method-wrapper(...), alignText='center', alignVert=method-wrapper(...), anchorHoriz='center', anchorVert='center', antialias=True, autoDraw=False, autoLog=True, bold=False, color=array([1., 1., 1.]), colorSpace='rgb', contrast=1.0, depth=0.0, draggable=False, flipHoriz=False, flipVert=False, font='Arial', fontFiles=[], height=0.05, italic=False, languageStyle='LTR', name='text', opacity=1, ori=0.0, pos=array([0., 0.]), rgb=UNKNOWN, text='Any text\n\nincluding line breaks', units='height', win=Window(...), wrapWidth=1)
5.1085 	EXP 	Created image_2 = ImageStim(__class__=<class 'psychopy.visual.image.ImageStim'>, anchor=('center', 'center'), autoLog=True, color=array([1., 1., 1.]), colorSpace='rgb', contrast=1.0, depth=-1.0, draggable=False, flipHoriz=False, flipVert=False, image='C:/Users/mattp/Pictures/image (10).png', interpolate=True, mask=None, maskParams=None, name='image_2', opacity=1, ori=0.0, pos=array([0., 0.]), size=array([0.5, 0.5]), texRes=128.0, units='height', win=Window(...))
5.1106 	EXP 	Created fb = TextStim(__class__=<class 'psychopy.visual.text.TextStim'>, alignHoriz=method-wrapper(...), alignText='center', alignVert=method-wrapper(...), anchorHoriz='center', anchorVert='center', antialias=True, autoDraw=False, autoLog=True, bold=False, color=array([1., 1., 1.]), colorSpace='rgb', contrast=1.0, depth=-1.0, draggable=False, flipHoriz=False, flipVert=False, font='Open Sans', fontFiles=[], height=0.1, italic=False, languageStyle='LTR', name='fb', opacity=1, ori=0.0, pos=array([0., 0.]), rgb=UNKNOWN, text='', units='height', win=Window(...), wrapWidth=1)
0.0046 	EXP 	New trial (rep=0, index=0): <Trial 0 (0 in rep 0) data={'thisN': 0, 'thisTrialN': 0, 'thisRepN': 0}>
0.0195 	EXP 	text: autoDraw = True
0.0195 	EXP 	image_2: autoDraw = True
0.5070 	DATA 	Mouse: Left button down, pos=(362,310)
0.5903 	DATA 	Mouse:  Left button up, pos=(362,310)
1.0209 	EXP 	text: autoDraw = False
1.5241 	DATA 	Mouse: Left button down, pos=(358,279)
1.6084 	DATA 	Mouse:  Left button up, pos=(359,279)
5.2429 	DATA 	Mouse: Left button down, pos=(664,441)
5.3259 	DATA 	Mouse:  Left button up, pos=(664,441)
5.6911 	DATA 	Mouse: Left button down, pos=(433,371)
5.7912 	DATA 	Mouse:  Left button up, pos=(433,371)
5.9911 	DATA 	Keypress: escape
6.0746 	EXP 	untitled: status = STOPPED
6.0882 	EXP 	image_2: autoDraw = False
6.0903 	EXP 	untitled: status = STOPPED
6.0920 	INFO 	saved data to 'C:\\Users\\mattp\\Documents\\GitHub\\Rhodes_Experiment\\data/649757_untitled_2025-07-02_15h11.39.555.csv'
6.0925 	INFO 	saved data to C:\Users\mattp\Documents\GitHub\Rhodes_Experiment\data/649757_untitled_2025-07-02_15h11.39.555.psydat
6.1270 	DEBUG 	Saving data for untitled ExperimentHandler
6.1284 	WARNING 	Stopping key buffers but this could be dangerous ifother keyboards rely on the same.
