4.4482 	DEBUG 	Fullscreen settings ignored as running in pilot mode.
4.4488 	INFO 	Loaded monitor calibration from ['2025_07_02 14:21']
4.6664 	EXP 	Created window1 = Window(allowGUI=True, allowStencil=False, autoLog=True, backendConf=UNKNOWN, backgroundFit=<method-wrapper '__getattribute__' of attributeSetter object at 0x0000017EC33224D0>, backgroundImage=<method-wrapper '__getattribute__' of attributeSetter object at 0x0000017EC3322530>, bitsMode=UNKNOWN, blendMode='avg', bpc=(8, 8, 8), color=array([0, 0, 0]), colorSpace='rgb', depthBits=8, fullscr=False, gamma=None, gammaErrorPolicy='raise', infoMsg=UNKNOWN, lms=UNKNOWN, monitor=<psychopy.monitors.calibTools.Monitor object at 0x0000017EC33766B0>, multiSample=False, name='window1', numSamples=2, pos=[560.0, 240.0], screen=0, size=array([800, 600]), stencilBits=0, stereo=False, title='PsychoPy', units='height', useFBO=True, useRetina=False, viewOri=0.0, viewPos=None, viewScale=None, waitBlanking=True, winType='pyglet')
4.6665 	EXP 	window1: backgroundImage = ''
4.6665 	EXP 	window1: backgroundFit = 'none'
4.6724 	DEBUG 	TextBox2 loaded 1 chars with 0 blanks and 1 valid
4.6731 	DEBUG 	TextBox2 loaded 1 chars with 0 blanks and 1 valid
4.6737 	DEBUG 	TextBox2 loaded 1 chars with 0 blanks and 1 valid
4.6746 	DEBUG 	TextBox2 loaded 1 chars with 0 blanks and 1 valid
4.6754 	DEBUG 	TextBox2 loaded 1 chars with 0 blanks and 1 valid
4.6758 	DEBUG 	TextBox2 loaded 1 chars with 0 blanks and 1 valid
4.6764 	DEBUG 	TextBox2 loaded 1 chars with 0 blanks and 1 valid
4.6773 	DEBUG 	TextBox2 loaded 1 chars with 0 blanks and 1 valid
4.6776 	DEBUG 	TextBox2 loaded 1 chars with 0 blanks and 1 valid
4.6779 	DEBUG 	TextBox2 loaded 1 chars with 0 blanks and 1 valid
4.6785 	DEBUG 	TextBox2 loaded 1 chars with 0 blanks and 1 valid
4.6792 	DEBUG 	TextBox2 loaded 1 chars with 0 blanks and 1 valid
4.6798 	DEBUG 	TextBox2 loaded 1 chars with 0 blanks and 1 valid
4.6804 	DEBUG 	TextBox2 loaded 1 chars with 0 blanks and 1 valid
4.6810 	DEBUG 	TextBox2 loaded 1 chars with 0 blanks and 1 valid
4.6817 	DEBUG 	TextBox2 loaded 1 chars with 0 blanks and 1 valid
4.6823 	DEBUG 	TextBox2 loaded 1 chars with 0 blanks and 1 valid
4.6827 	DEBUG 	TextBox2 loaded 1 chars with 0 blanks and 1 valid
4.6832 	DEBUG 	TextBox2 loaded 1 chars with 0 blanks and 1 valid
4.6840 	DEBUG 	TextBox2 loaded 1 chars with 0 blanks and 1 valid
4.6844 	DEBUG 	TextBox2 loaded 1 chars with 0 blanks and 1 valid
4.6847 	DEBUG 	Uploading Texture Font fontname to graphics card
4.6890 	DEBUG 	Upload of Texture Font fontname complete
4.6947 	DEBUG 	TextBox2 loaded 1 chars with 0 blanks and 1 valid
4.6956 	DEBUG 	TextBox2 loaded 1 chars with 0 blanks and 1 valid
4.6964 	DEBUG 	TextBox2 loaded 1 chars with 0 blanks and 1 valid
4.6967 	DEBUG 	Uploading Texture Font fontname to graphics card
4.6988 	DEBUG 	Upload of Texture Font fontname complete
4.7007 	EXP 	window1: Attempting to measure frame rate of screen (0) ...
4.7008 	EXP 	window1: recordFrameIntervals = False
4.8631 	EXP 	window1: recordFrameIntervals = True
5.0476 	EXP 	Screen (0) actual frame rate measured at 59.75Hz
5.0476 	EXP 	window1: recordFrameIntervals = False
5.0557 	DEBUG 	TextBox2 loaded 1 chars with 0 blanks and 1 valid
5.0564 	DEBUG 	TextBox2 loaded 1 chars with 0 blanks and 1 valid
5.0575 	DEBUG 	TextBox2 loaded 1 chars with 0 blanks and 1 valid
5.0591 	DEBUG 	TextBox2 loaded 1 chars with 0 blanks and 1 valid
5.0604 	DEBUG 	TextBox2 loaded 1 chars with 0 blanks and 1 valid
5.0617 	DEBUG 	TextBox2 loaded 1 chars with 0 blanks and 1 valid
5.0623 	DEBUG 	TextBox2 loaded 1 chars with 0 blanks and 1 valid
5.0634 	DEBUG 	TextBox2 loaded 1 chars with 0 blanks and 1 valid
5.0647 	DEBUG 	TextBox2 loaded 1 chars with 0 blanks and 1 valid
5.0657 	DEBUG 	TextBox2 loaded 1 chars with 0 blanks and 1 valid
5.0661 	DEBUG 	Uploading Texture Font fontname to graphics card
5.0666 	DEBUG 	Upload of Texture Font fontname complete
5.3327 	INFO 	keyboard.Keyboard is using ptb backend.
5.3328 	INFO 	keyboard.Keyboard is using ptb backend.
5.3328 	EXP 	untitled: status = STARTED
5.3512 	EXP 	Created text = TextStim(__class__=<class 'psychopy.visual.text.TextStim'>, alignHoriz=method-wrapper(...), alignText='center', alignVert=method-wrapper(...), anchorHoriz='center', anchorVert='center', antialias=True, autoDraw=False, autoLog=True, bold=False, color=array([1., 1., 1.]), colorSpace='rgb', contrast=1.0, depth=0.0, draggable=False, flipHoriz=False, flipVert=False, font='Arial', fontFiles=[], height=0.05, italic=False, languageStyle='LTR', name='text', opacity=1, ori=0.0, pos=array([0., 0.]), rgb=UNKNOWN, text='', units='height', win=Window(...), wrapWidth=1)
5.3782 	EXP 	Created image = ImageStim(__class__=<class 'psychopy.visual.image.ImageStim'>, anchor=('center', 'center'), autoLog=True, color=array([1., 1., 1.]), colorSpace='rgb', contrast=1.0, depth=-1.0, draggable=False, flipHoriz=False, flipVert=False, image='C:/Users/mattp/Pictures/image (9).png', interpolate=True, mask=None, maskParams=None, name='image', opacity=1, ori=0.0, pos=array([-0.5,  0. ]), size=array([0.5, 0.5]), texRes=128.0, units='height', win=Window(...))
5.3817 	EXP 	Created image_2 = ImageStim(__class__=<class 'psychopy.visual.image.ImageStim'>, anchor=('center', 'center'), autoLog=True, color=array([1., 1., 1.]), colorSpace='rgb', contrast=1.0, depth=-2.0, draggable=False, flipHoriz=False, flipVert=False, image='C:/Users/mattp/Pictures/image (10).png', interpolate=True, mask=None, maskParams=None, name='image_2', opacity=1, ori=0.0, pos=array([0.5, 0. ]), size=array([0.5, 0.5]), texRes=128.0, units='height', win=Window(...))
5.3835 	EXP 	Created fb_2 = TextStim(__class__=<class 'psychopy.visual.text.TextStim'>, alignHoriz=method-wrapper(...), alignText='center', alignVert=method-wrapper(...), anchorHoriz='center', anchorVert='center', antialias=True, autoDraw=False, autoLog=True, bold=False, color=array([1., 1., 1.]), colorSpace='rgb', contrast=1.0, depth=-1.0, draggable=False, flipHoriz=False, flipVert=False, font='Open Sans', fontFiles=[], height=0.1, italic=False, languageStyle='LTR', name='fb_2', opacity=1, ori=0.0, pos=array([0., 0.]), rgb=UNKNOWN, text='', units='height', win=Window(...), wrapWidth=1)
0.0059 	DEBUG 	Read csv file with pandas: stimuli.csv
0.0066 	DEBUG 	Clearing unnamed columns from stimuli.csv
0.0068 	EXP 	Imported stimuli.csv as conditions, 2 conditions, 2 params
0.0071 	EXP 	New trial (rep=0, index=0): <Trial 0 (0 in rep 0) data={'stimuli': 'choose right', 'corrAns': 'right', 'thisN': 0, 'thisTrialN': 0, 'thisRepN': 0}>
0.0540 	INFO 	Keyboard events cleared
0.0539 	EXP 	text: height = 0.05
0.0539 	EXP 	text: height = 0.05
0.0539 	EXP 	text: height = 0.05
0.0539 	EXP 	text: text = 'choose right'
0.0539 	EXP 	text: autoDraw = True
0.0539 	EXP 	image: autoDraw = True
0.0539 	EXP 	image_2: autoDraw = True
0.5249 	DATA 	Keypress: left
0.5299 	EXP 	text: autoDraw = False
0.5299 	EXP 	image: autoDraw = False
0.5299 	EXP 	image_2: autoDraw = False
0.5299 	EXP 	fb_2: foreColor = <psychopy.colors.Color: red, alpha=1.0>
0.5299 	EXP 	fb_2: height = 0.1
0.5299 	EXP 	fb_2: height = 0.1
0.5299 	EXP 	fb_2: height = 0.1
0.5299 	EXP 	fb_2: text = 'Incorrect'
0.5299 	EXP 	fb_2: autoDraw = True
1.5174 	EXP 	New trial (rep=0, index=1): <Trial 1 (1 in rep 0) data={'stimuli': 'choose left', 'corrAns': 'left', 'thisN': 1, 'thisTrialN': 1, 'thisRepN': 0}>
1.5309 	INFO 	Keyboard events cleared
1.5309 	EXP 	fb_2: autoDraw = False
1.5309 	EXP 	fb_2: autoDraw = False
1.5309 	EXP 	text: height = 0.05
1.5309 	EXP 	text: height = 0.05
1.5309 	EXP 	text: height = 0.05
1.5309 	EXP 	text: text = 'choose left'
1.5309 	EXP 	text: autoDraw = True
1.5309 	EXP 	image: autoDraw = True
1.5309 	EXP 	image_2: autoDraw = True
1.7672 	DATA 	Keypress: right
1.7808 	EXP 	text: autoDraw = False
1.7808 	EXP 	image: autoDraw = False
1.7808 	EXP 	image_2: autoDraw = False
1.7808 	EXP 	fb_2: foreColor = <psychopy.colors.Color: red, alpha=1.0>
1.7808 	EXP 	fb_2: text = 'Incorrect'
1.7808 	EXP 	fb_2: autoDraw = True
2.7678 	EXP 	New trial (rep=1, index=0): <Trial 2 (0 in rep 1) data={'stimuli': 'choose right', 'corrAns': 'right', 'thisN': 2, 'thisTrialN': 0, 'thisRepN': 1}>
2.7719 	DATA 	Keypress: left
2.7812 	INFO 	Keyboard events cleared
2.7811 	EXP 	fb_2: autoDraw = False
2.7811 	EXP 	text: height = 0.05
2.7811 	EXP 	text: height = 0.05
2.7811 	EXP 	text: height = 0.05
2.7811 	EXP 	text: text = 'choose right'
2.7811 	EXP 	text: autoDraw = True
2.7811 	EXP 	image: autoDraw = True
2.7811 	EXP 	image_2: autoDraw = True
3.1840 	DATA 	Keypress: left
3.1974 	EXP 	text: autoDraw = False
3.1974 	EXP 	image: autoDraw = False
3.1974 	EXP 	image_2: autoDraw = False
3.1974 	EXP 	fb_2: foreColor = <psychopy.colors.Color: red, alpha=1.0>
3.1974 	EXP 	fb_2: text = 'Incorrect'
3.1974 	EXP 	fb_2: autoDraw = True
3.7831 	DATA 	Keypress: escape
3.9828 	EXP 	untitled: status = STOPPED
3.9973 	EXP 	fb_2: autoDraw = False
3.9992 	EXP 	untitled: status = STOPPED
4.0111 	INFO 	saved data to 'C:\\Users\\mattp\\Documents\\GitHub\\Rhodes_Experiment\\data/742197_untitled_2025-07-02_15h56.44.822.csv'
4.0116 	INFO 	saved data to C:\Users\mattp\Documents\GitHub\Rhodes_Experiment\data/742197_untitled_2025-07-02_15h56.44.822.psydat
4.0511 	DEBUG 	Saving data for untitled ExperimentHandler
4.0529 	WARNING 	Stopping key buffers but this could be dangerous ifother keyboards rely on the same.
4.0681 	WARNING 	Stopping key buffers but this could be dangerous ifother keyboards rely on the same.
