4.4511 	DEBUG 	Fullscreen settings ignored as running in pilot mode.
4.4516 	INFO 	Loaded monitor calibration from ['2025_07_02 14:21']
4.6681 	EXP 	Created window1 = Window(allowGUI=True, allowStencil=False, autoLog=True, backendConf=UNKNOWN, backgroundFit=<method-wrapper '__getattribute__' of attributeSetter object at 0x000001DB9597A710>, backgroundImage=<method-wrapper '__getattribute__' of attributeSetter object at 0x000001DB95979690>, bitsMode=UNKNOWN, blendMode='avg', bpc=(8, 8, 8), color=array([0, 0, 0]), colorSpace='rgb', depthBits=8, fullscr=False, gamma=None, gammaErrorPolicy='raise', infoMsg=UNKNOWN, lms=UNKNOWN, monitor=<psychopy.monitors.calibTools.Monitor object at 0x000001DB9DCC6620>, multiSample=False, name='window1', numSamples=2, pos=[560.0, 240.0], screen=0, size=array([800, 600]), stencilBits=0, stereo=False, title='PsychoPy', units='height', useFBO=True, useRetina=False, viewOri=0.0, viewPos=None, viewScale=None, waitBlanking=True, winType='pyglet')
4.6681 	EXP 	window1: backgroundImage = ''
4.6681 	EXP 	window1: backgroundFit = 'none'
4.6747 	DEBUG 	TextBox2 loaded 1 chars with 0 blanks and 1 valid
4.6754 	DEBUG 	TextBox2 loaded 1 chars with 0 blanks and 1 valid
4.6761 	DEBUG 	TextBox2 loaded 1 chars with 0 blanks and 1 valid
4.6770 	DEBUG 	TextBox2 loaded 1 chars with 0 blanks and 1 valid
4.6778 	DEBUG 	TextBox2 loaded 1 chars with 0 blanks and 1 valid
4.6782 	DEBUG 	TextBox2 loaded 1 chars with 0 blanks and 1 valid
4.6789 	DEBUG 	TextBox2 loaded 1 chars with 0 blanks and 1 valid
4.6797 	DEBUG 	TextBox2 loaded 1 chars with 0 blanks and 1 valid
4.6800 	DEBUG 	TextBox2 loaded 1 chars with 0 blanks and 1 valid
4.6803 	DEBUG 	TextBox2 loaded 1 chars with 0 blanks and 1 valid
4.6811 	DEBUG 	TextBox2 loaded 1 chars with 0 blanks and 1 valid
4.6818 	DEBUG 	TextBox2 loaded 1 chars with 0 blanks and 1 valid
4.6824 	DEBUG 	TextBox2 loaded 1 chars with 0 blanks and 1 valid
4.6831 	DEBUG 	TextBox2 loaded 1 chars with 0 blanks and 1 valid
4.6837 	DEBUG 	TextBox2 loaded 1 chars with 0 blanks and 1 valid
4.6843 	DEBUG 	TextBox2 loaded 1 chars with 0 blanks and 1 valid
4.6850 	DEBUG 	TextBox2 loaded 1 chars with 0 blanks and 1 valid
4.6854 	DEBUG 	TextBox2 loaded 1 chars with 0 blanks and 1 valid
4.6858 	DEBUG 	TextBox2 loaded 1 chars with 0 blanks and 1 valid
4.6867 	DEBUG 	TextBox2 loaded 1 chars with 0 blanks and 1 valid
4.6871 	DEBUG 	TextBox2 loaded 1 chars with 0 blanks and 1 valid
4.6874 	DEBUG 	Uploading Texture Font fontname to graphics card
4.6908 	DEBUG 	Upload of Texture Font fontname complete
4.6967 	DEBUG 	TextBox2 loaded 1 chars with 0 blanks and 1 valid
4.6976 	DEBUG 	TextBox2 loaded 1 chars with 0 blanks and 1 valid
4.6984 	DEBUG 	TextBox2 loaded 1 chars with 0 blanks and 1 valid
4.6986 	DEBUG 	Uploading Texture Font fontname to graphics card
4.6996 	DEBUG 	Upload of Texture Font fontname complete
4.7013 	EXP 	window1: Attempting to measure frame rate of screen (0) ...
4.7013 	EXP 	window1: recordFrameIntervals = False
4.8623 	EXP 	window1: recordFrameIntervals = True
5.0455 	EXP 	Screen (0) actual frame rate measured at 59.98Hz
5.0456 	EXP 	window1: recordFrameIntervals = False
5.0505 	DEBUG 	TextBox2 loaded 1 chars with 0 blanks and 1 valid
5.0510 	DEBUG 	TextBox2 loaded 1 chars with 0 blanks and 1 valid
5.0517 	DEBUG 	TextBox2 loaded 1 chars with 0 blanks and 1 valid
5.0526 	DEBUG 	TextBox2 loaded 1 chars with 0 blanks and 1 valid
5.0535 	DEBUG 	TextBox2 loaded 1 chars with 0 blanks and 1 valid
5.0544 	DEBUG 	TextBox2 loaded 1 chars with 0 blanks and 1 valid
5.0548 	DEBUG 	TextBox2 loaded 1 chars with 0 blanks and 1 valid
5.0556 	DEBUG 	TextBox2 loaded 1 chars with 0 blanks and 1 valid
5.0565 	DEBUG 	TextBox2 loaded 1 chars with 0 blanks and 1 valid
5.0573 	DEBUG 	TextBox2 loaded 1 chars with 0 blanks and 1 valid
5.0575 	DEBUG 	Uploading Texture Font fontname to graphics card
5.0581 	DEBUG 	Upload of Texture Font fontname complete
5.3202 	INFO 	keyboard.Keyboard is using ptb backend.
5.3203 	EXP 	untitled: status = STARTED
5.3911 	EXP 	Created text = TextStim(__class__=<class 'psychopy.visual.text.TextStim'>, alignHoriz=method-wrapper(...), alignText='center', alignVert=method-wrapper(...), anchorHoriz='center', anchorVert='center', antialias=True, autoDraw=False, autoLog=True, bold=False, color=array([1., 1., 1.]), colorSpace='rgb', contrast=1.0, depth=0.0, draggable=False, flipHoriz=False, flipVert=False, font='Arial', fontFiles=[], height=0.05, italic=False, languageStyle='LTR', name='text', opacity=1, ori=0.0, pos=array([0., 0.]), rgb=UNKNOWN, text='Any text\n\nincluding line breaks', units='height', win=Window(...), wrapWidth=1)
5.3957 	EXP 	Created image_2 = ImageStim(__class__=<class 'psychopy.visual.image.ImageStim'>, anchor=('center', 'center'), autoLog=True, color=array([1., 1., 1.]), colorSpace='rgb', contrast=1.0, depth=-1.0, draggable=False, flipHoriz=False, flipVert=False, image='C:/Users/mattp/Pictures/image (10).png', interpolate=True, mask=None, maskParams=None, name='image_2', opacity=1, ori=0.0, pos=array([0., 0.]), size=array([0.5, 0.5]), texRes=128.0, units='height', win=Window(...))
5.3978 	EXP 	Created fb = TextStim(__class__=<class 'psychopy.visual.text.TextStim'>, alignHoriz=method-wrapper(...), alignText='center', alignVert=method-wrapper(...), anchorHoriz='center', anchorVert='center', antialias=True, autoDraw=False, autoLog=True, bold=False, color=array([1., 1., 1.]), colorSpace='rgb', contrast=1.0, depth=-1.0, draggable=False, flipHoriz=False, flipVert=False, font='Open Sans', fontFiles=[], height=0.1, italic=False, languageStyle='LTR', name='fb', opacity=1, ori=0.0, pos=array([0., 0.]), rgb=UNKNOWN, text='', units='height', win=Window(...), wrapWidth=1)
5.3987 	EXP 	Created feedback_text = TextStim(__class__=<class 'psychopy.visual.text.TextStim'>, alignHoriz=method-wrapper(...), alignText='center', alignVert=method-wrapper(...), anchorHoriz='center', anchorVert='center', antialias=True, autoDraw=False, autoLog=True, bold=False, color=array([1., 1., 1.]), colorSpace='rgb', contrast=1.0, depth=-2.0, draggable=False, flipHoriz=False, flipVert=False, font='Arial', fontFiles=[], height=0.05, italic=False, languageStyle='LTR', name='feedback_text', opacity=1, ori=0.0, pos=array([0., 0.]), rgb=UNKNOWN, text='', units='height', win=Window(...), wrapWidth=1)
0.0945 	EXP 	New trial (rep=0, index=0): <Trial 0 (0 in rep 0) data={'thisN': 0, 'thisTrialN': 0, 'thisRepN': 0}>
0.1124 	EXP 	text: autoDraw = True
0.1124 	EXP 	image_2: autoDraw = True
1.1141 	EXP 	text: autoDraw = False
1.8834 	DATA 	Mouse: Left button down, pos=(467,314)
1.9008 	DEBUG 	Saving data for untitled ExperimentHandler
1.9014 	INFO 	saved data to C:\Users\mattp\Documents\GitHub\Rhodes_Experiment\data/760158_untitled_2025-07-02_15h06.43.183.psydat
1.9018 	INFO 	saved data to 'C:\\Users\\mattp\\Documents\\GitHub\\Rhodes_Experiment\\data/760158_untitled_2025-07-02_15h06.43.183.csv'
1.9034 	WARNING 	Stopping key buffers but this could be dangerous ifother keyboards rely on the same.
