7.1173 	DEBUG 	Fullscreen settings ignored as running in pilot mode.
7.1178 	INFO 	Loaded monitor calibration from ['2025_07_02 14:21']
7.3371 	EXP 	Created window1 = Window(allowGUI=True, allowStencil=False, autoLog=True, backendConf=UNKNOWN, backgroundFit=<method-wrapper '__getattribute__' of attributeSetter object at 0x00000233DBF19E70>, backgroundImage=<method-wrapper '__getattribute__' of attributeSetter object at 0x00000233DBF19E10>, bitsMode=UNKNOWN, blendMode='avg', bpc=(8, 8, 8), color=array([0, 0, 0]), colorSpace='rgb', depthBits=8, fullscr=False, gamma=None, gammaErrorPolicy='raise', infoMsg=UNKNOWN, lms=UNKNOWN, monitor=<psychopy.monitors.calibTools.Monitor object at 0x00000233DBF75300>, multiSample=False, name='window1', numSamples=2, pos=[560.0, 240.0], screen=0, size=array([800, 600]), stencilBits=0, stereo=False, title='PsychoPy', units='height', useFBO=True, useRetina=False, viewOri=0.0, viewPos=None, viewScale=None, waitBlanking=True, winType='pyglet')
7.3372 	EXP 	window1: backgroundImage = ''
7.3372 	EXP 	window1: backgroundFit = 'none'
7.3432 	DEBUG 	TextBox2 loaded 1 chars with 0 blanks and 1 valid
7.3438 	DEBUG 	TextBox2 loaded 1 chars with 0 blanks and 1 valid
7.3445 	DEBUG 	TextBox2 loaded 1 chars with 0 blanks and 1 valid
7.3453 	DEBUG 	TextBox2 loaded 1 chars with 0 blanks and 1 valid
7.3461 	DEBUG 	TextBox2 loaded 1 chars with 0 blanks and 1 valid
7.3465 	DEBUG 	TextBox2 loaded 1 chars with 0 blanks and 1 valid
7.3472 	DEBUG 	TextBox2 loaded 1 chars with 0 blanks and 1 valid
7.3480 	DEBUG 	TextBox2 loaded 1 chars with 0 blanks and 1 valid
7.3483 	DEBUG 	TextBox2 loaded 1 chars with 0 blanks and 1 valid
7.3486 	DEBUG 	TextBox2 loaded 1 chars with 0 blanks and 1 valid
7.3493 	DEBUG 	TextBox2 loaded 1 chars with 0 blanks and 1 valid
7.3499 	DEBUG 	TextBox2 loaded 1 chars with 0 blanks and 1 valid
7.3506 	DEBUG 	TextBox2 loaded 1 chars with 0 blanks and 1 valid
7.3512 	DEBUG 	TextBox2 loaded 1 chars with 0 blanks and 1 valid
7.3518 	DEBUG 	TextBox2 loaded 1 chars with 0 blanks and 1 valid
7.3524 	DEBUG 	TextBox2 loaded 1 chars with 0 blanks and 1 valid
7.3531 	DEBUG 	TextBox2 loaded 1 chars with 0 blanks and 1 valid
7.3535 	DEBUG 	TextBox2 loaded 1 chars with 0 blanks and 1 valid
7.3539 	DEBUG 	TextBox2 loaded 1 chars with 0 blanks and 1 valid
7.3548 	DEBUG 	TextBox2 loaded 1 chars with 0 blanks and 1 valid
7.3552 	DEBUG 	TextBox2 loaded 1 chars with 0 blanks and 1 valid
7.3555 	DEBUG 	Uploading Texture Font fontname to graphics card
7.3596 	DEBUG 	Upload of Texture Font fontname complete
7.3656 	DEBUG 	TextBox2 loaded 1 chars with 0 blanks and 1 valid
7.3665 	DEBUG 	TextBox2 loaded 1 chars with 0 blanks and 1 valid
7.3673 	DEBUG 	TextBox2 loaded 1 chars with 0 blanks and 1 valid
7.3675 	DEBUG 	Uploading Texture Font fontname to graphics card
7.3704 	DEBUG 	Upload of Texture Font fontname complete
7.3723 	EXP 	window1: Attempting to measure frame rate of screen (0) ...
7.3723 	EXP 	window1: recordFrameIntervals = False
7.5330 	EXP 	window1: recordFrameIntervals = True
7.7194 	WARNING 	t of last frame was 20.00ms (=1/49)
7.8996 	EXP 	Screen (0) actual frame rate measured at 59.98Hz
7.8996 	EXP 	window1: recordFrameIntervals = False
7.9045 	DEBUG 	TextBox2 loaded 1 chars with 0 blanks and 1 valid
7.9050 	DEBUG 	TextBox2 loaded 1 chars with 0 blanks and 1 valid
7.9057 	DEBUG 	TextBox2 loaded 1 chars with 0 blanks and 1 valid
7.9066 	DEBUG 	TextBox2 loaded 1 chars with 0 blanks and 1 valid
7.9075 	DEBUG 	TextBox2 loaded 1 chars with 0 blanks and 1 valid
7.9084 	DEBUG 	TextBox2 loaded 1 chars with 0 blanks and 1 valid
7.9088 	DEBUG 	TextBox2 loaded 1 chars with 0 blanks and 1 valid
7.9097 	DEBUG 	TextBox2 loaded 1 chars with 0 blanks and 1 valid
7.9106 	DEBUG 	TextBox2 loaded 1 chars with 0 blanks and 1 valid
7.9114 	DEBUG 	TextBox2 loaded 1 chars with 0 blanks and 1 valid
7.9117 	DEBUG 	Uploading Texture Font fontname to graphics card
7.9122 	DEBUG 	Upload of Texture Font fontname complete
8.1744 	INFO 	keyboard.Keyboard is using ptb backend.
8.1744 	EXP 	untitled: status = STARTED
8.2459 	EXP 	Created text = TextStim(__class__=<class 'psychopy.visual.text.TextStim'>, alignHoriz=method-wrapper(...), alignText='center', alignVert=method-wrapper(...), anchorHoriz='center', anchorVert='center', antialias=True, autoDraw=False, autoLog=True, bold=False, color=array([1., 1., 1.]), colorSpace='rgb', contrast=1.0, depth=0.0, draggable=False, flipHoriz=False, flipVert=False, font='Arial', fontFiles=[], height=0.05, italic=False, languageStyle='LTR', name='text', opacity=1, ori=0.0, pos=array([0., 0.]), rgb=UNKNOWN, text='Any text\n\nincluding line breaks', units='height', win=Window(...), wrapWidth=1)
8.2505 	EXP 	Created image_2 = ImageStim(__class__=<class 'psychopy.visual.image.ImageStim'>, anchor=('center', 'center'), autoLog=True, color=array([1., 1., 1.]), colorSpace='rgb', contrast=1.0, depth=-1.0, draggable=False, flipHoriz=False, flipVert=False, image='C:/Users/mattp/Pictures/image (10).png', interpolate=True, mask=None, maskParams=None, name='image_2', opacity=1, ori=0.0, pos=array([0., 0.]), size=array([0.5, 0.5]), texRes=128.0, units='height', win=Window(...))
8.2527 	EXP 	Created fb = TextStim(__class__=<class 'psychopy.visual.text.TextStim'>, alignHoriz=method-wrapper(...), alignText='center', alignVert=method-wrapper(...), anchorHoriz='center', anchorVert='center', antialias=True, autoDraw=False, autoLog=True, bold=False, color=array([1., 1., 1.]), colorSpace='rgb', contrast=1.0, depth=-1.0, draggable=False, flipHoriz=False, flipVert=False, font='Open Sans', fontFiles=[], height=0.1, italic=False, languageStyle='LTR', name='fb', opacity=1, ori=0.0, pos=array([0., 0.]), rgb=UNKNOWN, text='', units='height', win=Window(...), wrapWidth=1)
0.0149 	EXP 	New trial (rep=0, index=0): <Trial 0 (0 in rep 0) data={'thisN': 0, 'thisTrialN': 0, 'thisRepN': 0}>
0.0303 	EXP 	text: autoDraw = True
0.0303 	EXP 	image_2: autoDraw = True
0.6664 	DATA 	Mouse: Left button down, pos=(383,315)
0.6827 	DEBUG 	Saving data for untitled ExperimentHandler
0.6833 	INFO 	saved data to C:\Users\mattp\Documents\GitHub\Rhodes_Experiment\data/766783_untitled_2025-07-02_15h10.48.594.psydat
0.6838 	INFO 	saved data to 'C:\\Users\\mattp\\Documents\\GitHub\\Rhodes_Experiment\\data/766783_untitled_2025-07-02_15h10.48.594.csv'
0.6864 	WARNING 	Stopping key buffers but this could be dangerous ifother keyboards rely on the same.
