4.0841 	DEBUG 	Fullscreen settings ignored as running in pilot mode.
4.0846 	INFO 	Loaded monitor calibration from ['2025_07_02 14:21']
4.3093 	EXP 	Created window1 = Window(allowGUI=True, allowStencil=False, autoLog=True, backendConf=UNKNOWN, backgroundFit=<method-wrapper '__getattribute__' of attributeSetter object at 0x000001B917B7ED10>, backgroundImage=<method-wrapper '__getattribute__' of attributeSetter object at 0x000001B917B7E350>, bitsMode=UNKNOWN, blendMode='avg', bpc=(8, 8, 8), color=array([0, 0, 0]), colorSpace='rgb', depthBits=8, fullscr=False, gamma=None, gammaErrorPolicy='raise', infoMsg=UNKNOWN, lms=UNKNOWN, monitor=<psychopy.monitors.calibTools.Monitor object at 0x000001B921112230>, multiSample=False, name='window1', numSamples=2, pos=[560.0, 240.0], screen=0, size=array([800, 600]), stencilBits=0, stereo=False, title='PsychoPy', units='height', useFBO=True, useRetina=False, viewOri=0.0, viewPos=None, viewScale=None, waitBlanking=True, winType='pyglet')
4.3093 	EXP 	window1: backgroundImage = ''
4.3093 	EXP 	window1: backgroundFit = 'none'
4.3152 	DEBUG 	TextBox2 loaded 1 chars with 0 blanks and 1 valid
4.3158 	DEBUG 	TextBox2 loaded 1 chars with 0 blanks and 1 valid
4.3165 	DEBUG 	TextBox2 loaded 1 chars with 0 blanks and 1 valid
4.3173 	DEBUG 	TextBox2 loaded 1 chars with 0 blanks and 1 valid
4.3182 	DEBUG 	TextBox2 loaded 1 chars with 0 blanks and 1 valid
4.3186 	DEBUG 	TextBox2 loaded 1 chars with 0 blanks and 1 valid
4.3193 	DEBUG 	TextBox2 loaded 1 chars with 0 blanks and 1 valid
4.3201 	DEBUG 	TextBox2 loaded 1 chars with 0 blanks and 1 valid
4.3204 	DEBUG 	TextBox2 loaded 1 chars with 0 blanks and 1 valid
4.3207 	DEBUG 	TextBox2 loaded 1 chars with 0 blanks and 1 valid
4.3214 	DEBUG 	TextBox2 loaded 1 chars with 0 blanks and 1 valid
4.3221 	DEBUG 	TextBox2 loaded 1 chars with 0 blanks and 1 valid
4.3227 	DEBUG 	TextBox2 loaded 1 chars with 0 blanks and 1 valid
4.3233 	DEBUG 	TextBox2 loaded 1 chars with 0 blanks and 1 valid
4.3239 	DEBUG 	TextBox2 loaded 1 chars with 0 blanks and 1 valid
4.3246 	DEBUG 	TextBox2 loaded 1 chars with 0 blanks and 1 valid
4.3253 	DEBUG 	TextBox2 loaded 1 chars with 0 blanks and 1 valid
4.3257 	DEBUG 	TextBox2 loaded 1 chars with 0 blanks and 1 valid
4.3261 	DEBUG 	TextBox2 loaded 1 chars with 0 blanks and 1 valid
4.3270 	DEBUG 	TextBox2 loaded 1 chars with 0 blanks and 1 valid
4.3274 	DEBUG 	TextBox2 loaded 1 chars with 0 blanks and 1 valid
4.3277 	DEBUG 	Uploading Texture Font fontname to graphics card
4.3323 	DEBUG 	Upload of Texture Font fontname complete
4.3380 	DEBUG 	TextBox2 loaded 1 chars with 0 blanks and 1 valid
4.3390 	DEBUG 	TextBox2 loaded 1 chars with 0 blanks and 1 valid
4.3398 	DEBUG 	TextBox2 loaded 1 chars with 0 blanks and 1 valid
4.3400 	DEBUG 	Uploading Texture Font fontname to graphics card
4.3413 	DEBUG 	Upload of Texture Font fontname complete
4.3431 	EXP 	window1: Attempting to measure frame rate of screen (0) ...
4.3431 	EXP 	window1: recordFrameIntervals = False
4.5072 	EXP 	window1: recordFrameIntervals = True
4.6902 	EXP 	Screen (0) actual frame rate measured at 60.15Hz
4.6902 	EXP 	window1: recordFrameIntervals = False
4.6961 	DEBUG 	TextBox2 loaded 1 chars with 0 blanks and 1 valid
4.6966 	DEBUG 	TextBox2 loaded 1 chars with 0 blanks and 1 valid
4.6973 	DEBUG 	TextBox2 loaded 1 chars with 0 blanks and 1 valid
4.6982 	DEBUG 	TextBox2 loaded 1 chars with 0 blanks and 1 valid
4.6990 	DEBUG 	TextBox2 loaded 1 chars with 0 blanks and 1 valid
4.6999 	DEBUG 	TextBox2 loaded 1 chars with 0 blanks and 1 valid
4.7004 	DEBUG 	TextBox2 loaded 1 chars with 0 blanks and 1 valid
4.7011 	DEBUG 	TextBox2 loaded 1 chars with 0 blanks and 1 valid
4.7020 	DEBUG 	TextBox2 loaded 1 chars with 0 blanks and 1 valid
4.7028 	DEBUG 	TextBox2 loaded 1 chars with 0 blanks and 1 valid
4.7031 	DEBUG 	Uploading Texture Font fontname to graphics card
4.7035 	DEBUG 	Upload of Texture Font fontname complete
4.9775 	INFO 	keyboard.Keyboard is using ptb backend.
4.9776 	INFO 	keyboard.Keyboard is using ptb backend.
4.9776 	EXP 	untitled: status = STARTED
5.0748 	EXP 	Created text_3 = TextStim(__class__=<class 'psychopy.visual.text.TextStim'>, alignHoriz=method-wrapper(...), alignText='center', alignVert=method-wrapper(...), anchorHoriz='center', anchorVert='center', antialias=True, autoDraw=False, autoLog=True, bold=False, color=array([1., 1., 1.]), colorSpace='rgb', contrast=1.0, depth=0.0, draggable=False, flipHoriz=False, flipVert=False, font='Arial', fontFiles=[], height=0.05, italic=False, languageStyle='LTR', name='text_3', opacity=1, ori=0.0, pos=array([0., 0.]), rgb=UNKNOWN, text='new block\n', units='height', win=Window(...), wrapWidth=1)
5.0758 	EXP 	Created text = TextStim(__class__=<class 'psychopy.visual.text.TextStim'>, alignHoriz=method-wrapper(...), alignText='center', alignVert=method-wrapper(...), anchorHoriz='center', anchorVert='center', antialias=True, autoDraw=False, autoLog=True, bold=False, color=array([1., 1., 1.]), colorSpace='rgb', contrast=1.0, depth=0.0, draggable=False, flipHoriz=False, flipVert=False, font='Arial', fontFiles=[], height=0.05, italic=False, languageStyle='LTR', name='text', opacity=1, ori=0.0, pos=array([0., 0.]), rgb=UNKNOWN, text='', units='height', win=Window(...), wrapWidth=1)
5.1043 	EXP 	Created image = ImageStim(__class__=<class 'psychopy.visual.image.ImageStim'>, anchor=('center', 'center'), autoLog=True, color=array([1., 1., 1.]), colorSpace='rgb', contrast=1.0, depth=-1.0, draggable=False, flipHoriz=False, flipVert=False, image='C:/Users/mattp/Pictures/image (9).png', interpolate=True, mask=None, maskParams=None, name='image', opacity=1, ori=0.0, pos=array([-0.5,  0. ]), size=array([0.5, 0.5]), texRes=128.0, units='height', win=Window(...))
5.1079 	EXP 	Created image_2 = ImageStim(__class__=<class 'psychopy.visual.image.ImageStim'>, anchor=('center', 'center'), autoLog=True, color=array([1., 1., 1.]), colorSpace='rgb', contrast=1.0, depth=-2.0, draggable=False, flipHoriz=False, flipVert=False, image='C:/Users/mattp/Pictures/image (10).png', interpolate=True, mask=None, maskParams=None, name='image_2', opacity=1, ori=0.0, pos=array([0.5, 0. ]), size=array([0.5, 0.5]), texRes=128.0, units='height', win=Window(...))
5.1097 	EXP 	Created fb_2 = TextStim(__class__=<class 'psychopy.visual.text.TextStim'>, alignHoriz=method-wrapper(...), alignText='center', alignVert=method-wrapper(...), anchorHoriz='center', anchorVert='center', antialias=True, autoDraw=False, autoLog=True, bold=False, color=array([1., 1., 1.]), colorSpace='rgb', contrast=1.0, depth=-1.0, draggable=False, flipHoriz=False, flipVert=False, font='Open Sans', fontFiles=[], height=0.1, italic=False, languageStyle='LTR', name='fb_2', opacity=1, ori=0.0, pos=array([0., 0.]), rgb=UNKNOWN, text='', units='height', win=Window(...), wrapWidth=1)
5.1129 	EXP 	Created text_2 = TextStim(__class__=<class 'psychopy.visual.text.TextStim'>, alignHoriz=method-wrapper(...), alignText='center', alignVert=method-wrapper(...), anchorHoriz='center', anchorVert='center', antialias=True, autoDraw=False, autoLog=True, bold=False, color=array([1., 1., 1.]), colorSpace='rgb', contrast=1.0, depth=0.0, draggable=False, flipHoriz=False, flipVert=False, font='Arial', fontFiles=[], height=0.05, italic=False, languageStyle='LTR', name='text_2', opacity=1, ori=0.0, pos=array([0., 0.]), rgb=UNKNOWN, text='success', units='height', win=Window(...), wrapWidth=1)
0.0124 	EXP 	New trial (rep=0, index=0): <Trial 0 (0 in rep 0) data={'thisN': 0, 'thisTrialN': 0, 'thisRepN': 0}>
0.0270 	EXP 	text_3: autoDraw = True
1.0164 	DEBUG 	Read csv file with pandas: stimuli.csv
1.0171 	DEBUG 	Clearing unnamed columns from stimuli.csv
1.0173 	EXP 	Imported stimuli.csv as conditions, 2 conditions, 2 params
1.0175 	EXP 	New trial (rep=0, index=0): <Trial 0 (0 in rep 0) data={'stimuli': 'choose right', 'corrAns': 'right', 'thisN': 0, 'thisTrialN': 0, 'thisRepN': 0}>
1.0438 	INFO 	Keyboard events cleared
1.0438 	EXP 	text_3: autoDraw = False
1.0438 	EXP 	text: height = 0.05
1.0438 	EXP 	text: height = 0.05
1.0438 	EXP 	text: height = 0.05
1.0438 	EXP 	text: text = 'choose right'
1.0438 	EXP 	text: autoDraw = True
1.0438 	EXP 	image: autoDraw = True
1.0438 	EXP 	image_2: autoDraw = True
2.2808 	DATA 	Keypress: left
2.2932 	EXP 	text: autoDraw = False
2.2932 	EXP 	image: autoDraw = False
2.2932 	EXP 	image_2: autoDraw = False
2.2932 	EXP 	fb_2: foreColor = <psychopy.colors.Color: red, alpha=1.0>
2.2932 	EXP 	fb_2: height = 0.1
2.2932 	EXP 	fb_2: height = 0.1
2.2932 	EXP 	fb_2: height = 0.1
2.2932 	EXP 	fb_2: text = 'Incorrect! 0.00, 0 cleared'
2.2932 	EXP 	fb_2: autoDraw = True
3.2809 	EXP 	New trial (rep=0, index=1): <Trial 1 (1 in rep 0) data={'stimuli': 'choose left', 'corrAns': 'left', 'thisN': 1, 'thisTrialN': 1, 'thisRepN': 0}>
3.2950 	INFO 	Keyboard events cleared
3.2950 	EXP 	fb_2: autoDraw = False
3.2950 	EXP 	text: height = 0.05
3.2950 	EXP 	text: height = 0.05
3.2950 	EXP 	text: height = 0.05
3.2950 	EXP 	text: text = 'choose left'
3.2950 	EXP 	text: autoDraw = True
3.2950 	EXP 	image: autoDraw = True
3.2950 	EXP 	image_2: autoDraw = True
3.8843 	DATA 	Keypress: left
3.8944 	EXP 	text: autoDraw = False
3.8944 	EXP 	image: autoDraw = False
3.8944 	EXP 	image_2: autoDraw = False
3.8944 	EXP 	fb_2: foreColor = <psychopy.colors.Color: green, alpha=1.0>
3.8944 	EXP 	fb_2: height = 0.1
3.8944 	EXP 	fb_2: height = 0.1
3.8944 	EXP 	fb_2: height = 0.1
3.8944 	EXP 	fb_2: text = 'Correct! 0.50, 0 cleared'
3.8944 	EXP 	fb_2: autoDraw = True
4.8799 	EXP 	New trial (rep=1, index=0): <Trial 2 (0 in rep 1) data={'stimuli': 'choose right', 'corrAns': 'right', 'thisN': 2, 'thisTrialN': 0, 'thisRepN': 1}>
4.8947 	INFO 	Keyboard events cleared
4.8946 	EXP 	fb_2: autoDraw = False
4.8946 	EXP 	fb_2: autoDraw = False
4.8946 	EXP 	text: height = 0.05
4.8946 	EXP 	text: height = 0.05
4.8946 	EXP 	text: height = 0.05
4.8946 	EXP 	text: text = 'choose right'
4.8946 	EXP 	text: autoDraw = True
4.8946 	EXP 	image: autoDraw = True
4.8946 	EXP 	image_2: autoDraw = True
5.6179 	DATA 	Keypress: right
5.6277 	EXP 	text: autoDraw = False
5.6277 	EXP 	image: autoDraw = False
5.6277 	EXP 	image_2: autoDraw = False
5.6277 	EXP 	fb_2: foreColor = <psychopy.colors.Color: green, alpha=1.0>
5.6277 	EXP 	fb_2: height = 0.1
5.6277 	EXP 	fb_2: height = 0.1
5.6277 	EXP 	fb_2: height = 0.1
5.6277 	EXP 	fb_2: text = 'Correct! 0.67, 0 cleared'
5.6277 	EXP 	fb_2: autoDraw = True
6.6155 	EXP 	New trial (rep=1, index=0): <Trial 1 (0 in rep 1) data={'thisN': 1, 'thisTrialN': 0, 'thisRepN': 1}>
6.6277 	EXP 	fb_2: autoDraw = False
6.6277 	EXP 	fb_2: autoDraw = False
6.6277 	EXP 	text_3: autoDraw = True
7.6166 	DEBUG 	Read csv file with pandas: stimuli.csv
7.6175 	DEBUG 	Clearing unnamed columns from stimuli.csv
7.6179 	EXP 	Imported stimuli.csv as conditions, 2 conditions, 2 params
7.6181 	EXP 	New trial (rep=0, index=0): <Trial 0 (0 in rep 0) data={'stimuli': 'choose right', 'corrAns': 'right', 'thisN': 0, 'thisTrialN': 0, 'thisRepN': 0}>
7.6282 	INFO 	Keyboard events cleared
7.6281 	EXP 	text_3: autoDraw = False
7.6281 	EXP 	text: text = 'choose right'
7.6281 	EXP 	text: autoDraw = True
7.6281 	EXP 	image: autoDraw = True
7.6281 	EXP 	image_2: autoDraw = True
8.1997 	DATA 	Keypress: right
8.2116 	EXP 	text: autoDraw = False
8.2116 	EXP 	image: autoDraw = False
8.2116 	EXP 	image_2: autoDraw = False
8.2116 	EXP 	fb_2: foreColor = <psychopy.colors.Color: green, alpha=1.0>
8.2116 	EXP 	fb_2: height = 0.1
8.2116 	EXP 	fb_2: height = 0.1
8.2116 	EXP 	fb_2: height = 0.1
8.2116 	EXP 	fb_2: text = 'Correct! 0.75, 0 cleared'
8.2116 	EXP 	fb_2: autoDraw = True
9.1977 	EXP 	New trial (rep=0, index=1): <Trial 1 (1 in rep 0) data={'stimuli': 'choose left', 'corrAns': 'left', 'thisN': 1, 'thisTrialN': 1, 'thisRepN': 0}>
9.2117 	INFO 	Keyboard events cleared
9.2117 	EXP 	fb_2: autoDraw = False
9.2117 	EXP 	text: height = 0.05
9.2117 	EXP 	text: height = 0.05
9.2117 	EXP 	text: height = 0.05
9.2117 	EXP 	text: text = 'choose left'
9.2117 	EXP 	text: autoDraw = True
9.2117 	EXP 	image: autoDraw = True
9.2117 	EXP 	image_2: autoDraw = True
9.9505 	DATA 	Keypress: left
9.9611 	EXP 	text: autoDraw = False
9.9611 	EXP 	image: autoDraw = False
9.9611 	EXP 	image_2: autoDraw = False
9.9611 	EXP 	fb_2: foreColor = <psychopy.colors.Color: green, alpha=1.0>
9.9611 	EXP 	fb_2: height = 0.1
9.9611 	EXP 	fb_2: height = 0.1
9.9611 	EXP 	fb_2: height = 0.1
9.9611 	EXP 	fb_2: text = 'Correct! 0.80, 0 cleared'
9.9611 	EXP 	fb_2: autoDraw = True
10.9465 	EXP 	New trial (rep=1, index=0): <Trial 2 (0 in rep 1) data={'stimuli': 'choose left', 'corrAns': 'left', 'thisN': 2, 'thisTrialN': 0, 'thisRepN': 1}>
10.9613 	INFO 	Keyboard events cleared
10.9613 	EXP 	fb_2: autoDraw = False
10.9613 	EXP 	fb_2: autoDraw = False
10.9613 	EXP 	text: text = 'choose left'
10.9613 	EXP 	text: autoDraw = True
10.9613 	EXP 	image: autoDraw = True
10.9613 	EXP 	image_2: autoDraw = True
11.5321 	DATA 	Keypress: left
11.5613 	EXP 	text: autoDraw = False
11.5613 	EXP 	image: autoDraw = False
11.5613 	EXP 	image_2: autoDraw = False
11.5613 	EXP 	fb_2: foreColor = <psychopy.colors.Color: green, alpha=1.0>
11.5613 	EXP 	fb_2: height = 0.1
11.5613 	EXP 	fb_2: height = 0.1
11.5613 	EXP 	fb_2: height = 0.1
11.5613 	EXP 	fb_2: text = 'Correct! 0.83, 0 cleared'
11.5613 	EXP 	fb_2: autoDraw = True
12.5475 	EXP 	New trial (rep=1, index=1): <Trial 3 (1 in rep 1) data={'stimuli': 'choose right', 'corrAns': 'right', 'thisN': 3, 'thisTrialN': 1, 'thisRepN': 1}>
12.5614 	INFO 	Keyboard events cleared
12.5613 	EXP 	fb_2: autoDraw = False
12.5613 	EXP 	fb_2: autoDraw = False
12.5613 	EXP 	text: height = 0.05
12.5613 	EXP 	text: height = 0.05
12.5613 	EXP 	text: height = 0.05
12.5613 	EXP 	text: text = 'choose right'
12.5613 	EXP 	text: autoDraw = True
12.5613 	EXP 	image: autoDraw = True
12.5613 	EXP 	image_2: autoDraw = True
13.0833 	DATA 	Keypress: right
13.0945 	EXP 	text: autoDraw = False
13.0945 	EXP 	image: autoDraw = False
13.0945 	EXP 	image_2: autoDraw = False
13.0945 	EXP 	fb_2: foreColor = <psychopy.colors.Color: green, alpha=1.0>
13.0945 	EXP 	fb_2: height = 0.1
13.0945 	EXP 	fb_2: height = 0.1
13.0945 	EXP 	fb_2: height = 0.1
13.0945 	EXP 	fb_2: text = 'Correct! 0.86, 0 cleared'
13.0945 	EXP 	fb_2: autoDraw = True
14.0800 	EXP 	New trial (rep=2, index=0): <Trial 4 (0 in rep 2) data={'stimuli': 'choose left', 'corrAns': 'left', 'thisN': 4, 'thisTrialN': 0, 'thisRepN': 2}>
14.0951 	INFO 	Keyboard events cleared
14.0950 	EXP 	fb_2: autoDraw = False
14.0950 	EXP 	fb_2: autoDraw = False
14.0950 	EXP 	text: height = 0.05
14.0950 	EXP 	text: height = 0.05
14.0950 	EXP 	text: height = 0.05
14.0950 	EXP 	text: text = 'choose left'
14.0950 	EXP 	text: autoDraw = True
14.0950 	EXP 	image: autoDraw = True
14.0950 	EXP 	image_2: autoDraw = True
14.9496 	DATA 	Keypress: left
14.9612 	EXP 	text: autoDraw = False
14.9612 	EXP 	image: autoDraw = False
14.9612 	EXP 	image_2: autoDraw = False
14.9612 	EXP 	fb_2: foreColor = <psychopy.colors.Color: green, alpha=1.0>
14.9612 	EXP 	fb_2: height = 0.1
14.9612 	EXP 	fb_2: height = 0.1
14.9612 	EXP 	fb_2: height = 0.1
14.9612 	EXP 	fb_2: text = 'Correct! 0.88, 0 cleared'
14.9612 	EXP 	fb_2: autoDraw = True
15.9464 	EXP 	New trial (rep=2, index=1): <Trial 5 (1 in rep 2) data={'stimuli': 'choose right', 'corrAns': 'right', 'thisN': 5, 'thisTrialN': 1, 'thisRepN': 2}>
15.9628 	INFO 	Keyboard events cleared
15.9627 	EXP 	fb_2: autoDraw = False
15.9627 	EXP 	fb_2: autoDraw = False
15.9627 	EXP 	text: height = 0.05
15.9627 	EXP 	text: height = 0.05
15.9627 	EXP 	text: height = 0.05
15.9627 	EXP 	text: text = 'choose right'
15.9627 	EXP 	text: autoDraw = True
15.9627 	EXP 	image: autoDraw = True
15.9627 	EXP 	image_2: autoDraw = True
16.8353 	DATA 	Keypress: right
16.8445 	EXP 	text: autoDraw = False
16.8445 	EXP 	image: autoDraw = False
16.8445 	EXP 	image_2: autoDraw = False
16.8445 	EXP 	fb_2: foreColor = <psychopy.colors.Color: green, alpha=1.0>
16.8445 	EXP 	fb_2: height = 0.1
16.8445 	EXP 	fb_2: height = 0.1
16.8445 	EXP 	fb_2: height = 0.1
16.8445 	EXP 	fb_2: text = 'Correct! 0.89, 0 cleared'
16.8445 	EXP 	fb_2: autoDraw = True
17.8318 	EXP 	New trial (rep=2, index=0): <Trial 2 (0 in rep 2) data={'thisN': 2, 'thisTrialN': 0, 'thisRepN': 2}>
17.8445 	EXP 	fb_2: autoDraw = False
17.8445 	EXP 	fb_2: autoDraw = False
17.8445 	EXP 	text_3: autoDraw = True
18.8310 	DEBUG 	Read csv file with pandas: stimuli.csv
18.8315 	DEBUG 	Clearing unnamed columns from stimuli.csv
18.8317 	EXP 	Imported stimuli.csv as conditions, 2 conditions, 2 params
18.8319 	EXP 	New trial (rep=0, index=0): <Trial 0 (0 in rep 0) data={'stimuli': 'choose right', 'corrAns': 'right', 'thisN': 0, 'thisTrialN': 0, 'thisRepN': 0}>
18.8448 	INFO 	Keyboard events cleared
18.8447 	EXP 	text_3: autoDraw = False
18.8447 	EXP 	text_3: autoDraw = False
18.8447 	EXP 	text: text = 'choose right'
18.8447 	EXP 	text: autoDraw = True
18.8447 	EXP 	image: autoDraw = True
18.8447 	EXP 	image_2: autoDraw = True
19.5002 	DATA 	Keypress: right
19.5113 	EXP 	text: autoDraw = False
19.5113 	EXP 	image: autoDraw = False
19.5113 	EXP 	image_2: autoDraw = False
19.5113 	EXP 	fb_2: foreColor = <psychopy.colors.Color: green, alpha=1.0>
19.5113 	EXP 	fb_2: height = 0.1
19.5113 	EXP 	fb_2: height = 0.1
19.5113 	EXP 	fb_2: height = 0.1
19.5113 	EXP 	fb_2: text = 'Correct! 0.90, 0 cleared'
19.5113 	EXP 	fb_2: autoDraw = True
20.4967 	EXP 	New trial (rep=0, index=1): <Trial 1 (1 in rep 0) data={'stimuli': 'choose left', 'corrAns': 'left', 'thisN': 1, 'thisTrialN': 1, 'thisRepN': 0}>
20.5115 	INFO 	Keyboard events cleared
20.5114 	EXP 	fb_2: autoDraw = False
20.5114 	EXP 	fb_2: autoDraw = False
20.5114 	EXP 	text: height = 0.05
20.5114 	EXP 	text: height = 0.05
20.5114 	EXP 	text: height = 0.05
20.5114 	EXP 	text: text = 'choose left'
20.5114 	EXP 	text: autoDraw = True
20.5114 	EXP 	image: autoDraw = True
20.5114 	EXP 	image_2: autoDraw = True
20.9141 	DATA 	Keypress: escape
21.0469 	EXP 	untitled: status = STOPPED
21.0612 	EXP 	text: autoDraw = False
21.0612 	EXP 	image: autoDraw = False
21.0612 	EXP 	image_2: autoDraw = False
21.0631 	EXP 	untitled: status = STOPPED
21.0675 	INFO 	saved data to 'C:\\Users\\mattp\\Documents\\GitHub\\Rhodes_Experiment\\data/831500_untitled_2025-07-03_13h41.55.982.csv'
21.0681 	INFO 	saved data to C:\Users\mattp\Documents\GitHub\Rhodes_Experiment\data/831500_untitled_2025-07-03_13h41.55.982.psydat
21.0997 	DEBUG 	Saving data for untitled ExperimentHandler
21.1028 	WARNING 	Stopping key buffers but this could be dangerous ifother keyboards rely on the same.
21.1434 	WARNING 	Stopping key buffers but this could be dangerous ifother keyboards rely on the same.
