4.8897 	DEBUG 	Fullscreen settings ignored as running in pilot mode.
4.8905 	INFO 	Loaded monitor calibration from ['2025_07_02 14:21']
5.1244 	EXP 	Created window1 = Window(allowGUI=True, allowStencil=False, autoLog=True, backendConf=UNKNOWN, backgroundFit=<method-wrapper '__getattribute__' of attributeSetter object at 0x0000019DE91DA500>, backgroundImage=<method-wrapper '__getattribute__' of attributeSetter object at 0x0000019DE91DA560>, bitsMode=UNKNOWN, blendMode='avg', bpc=(8, 8, 8), color=array([0, 0, 0]), colorSpace='rgb', depthBits=8, fullscr=False, gamma=None, gammaErrorPolicy='raise', infoMsg=UNKNOWN, lms=UNKNOWN, monitor=<psychopy.monitors.calibTools.Monitor object at 0x0000019DE92322F0>, multiSample=False, name='window1', numSamples=2, pos=[560.0, 240.0], screen=0, size=array([800, 600]), stencilBits=0, stereo=False, title='PsychoPy', units='height', useFBO=True, useRetina=False, viewOri=0.0, viewPos=None, viewScale=None, waitBlanking=True, winType='pyglet')
5.1245 	EXP 	window1: backgroundImage = ''
5.1245 	EXP 	window1: backgroundFit = 'none'
5.1307 	DEBUG 	TextBox2 loaded 1 chars with 0 blanks and 1 valid
5.1313 	DEBUG 	TextBox2 loaded 1 chars with 0 blanks and 1 valid
5.1322 	DEBUG 	TextBox2 loaded 1 chars with 0 blanks and 1 valid
5.1331 	DEBUG 	TextBox2 loaded 1 chars with 0 blanks and 1 valid
5.1340 	DEBUG 	TextBox2 loaded 1 chars with 0 blanks and 1 valid
5.1345 	DEBUG 	TextBox2 loaded 1 chars with 0 blanks and 1 valid
5.1351 	DEBUG 	TextBox2 loaded 1 chars with 0 blanks and 1 valid
5.1360 	DEBUG 	TextBox2 loaded 1 chars with 0 blanks and 1 valid
5.1363 	DEBUG 	TextBox2 loaded 1 chars with 0 blanks and 1 valid
5.1367 	DEBUG 	TextBox2 loaded 1 chars with 0 blanks and 1 valid
5.1374 	DEBUG 	TextBox2 loaded 1 chars with 0 blanks and 1 valid
5.1380 	DEBUG 	TextBox2 loaded 1 chars with 0 blanks and 1 valid
5.1386 	DEBUG 	TextBox2 loaded 1 chars with 0 blanks and 1 valid
5.1393 	DEBUG 	TextBox2 loaded 1 chars with 0 blanks and 1 valid
5.1399 	DEBUG 	TextBox2 loaded 1 chars with 0 blanks and 1 valid
5.1406 	DEBUG 	TextBox2 loaded 1 chars with 0 blanks and 1 valid
5.1413 	DEBUG 	TextBox2 loaded 1 chars with 0 blanks and 1 valid
5.1418 	DEBUG 	TextBox2 loaded 1 chars with 0 blanks and 1 valid
5.1422 	DEBUG 	TextBox2 loaded 1 chars with 0 blanks and 1 valid
5.1431 	DEBUG 	TextBox2 loaded 1 chars with 0 blanks and 1 valid
5.1435 	DEBUG 	TextBox2 loaded 1 chars with 0 blanks and 1 valid
5.1438 	DEBUG 	Uploading Texture Font fontname to graphics card
5.1471 	DEBUG 	Upload of Texture Font fontname complete
5.1532 	DEBUG 	TextBox2 loaded 1 chars with 0 blanks and 1 valid
5.1541 	DEBUG 	TextBox2 loaded 1 chars with 0 blanks and 1 valid
5.1549 	DEBUG 	TextBox2 loaded 1 chars with 0 blanks and 1 valid
5.1552 	DEBUG 	Uploading Texture Font fontname to graphics card
5.1566 	DEBUG 	Upload of Texture Font fontname complete
5.1585 	EXP 	window1: Attempting to measure frame rate of screen (0) ...
5.1585 	EXP 	window1: recordFrameIntervals = False
5.3188 	EXP 	window1: recordFrameIntervals = True
5.5009 	EXP 	Screen (0) actual frame rate measured at 59.95Hz
5.5010 	EXP 	window1: recordFrameIntervals = False
5.5090 	DEBUG 	TextBox2 loaded 1 chars with 0 blanks and 1 valid
5.5097 	DEBUG 	TextBox2 loaded 1 chars with 0 blanks and 1 valid
5.5108 	DEBUG 	TextBox2 loaded 1 chars with 0 blanks and 1 valid
5.5123 	DEBUG 	TextBox2 loaded 1 chars with 0 blanks and 1 valid
5.5137 	DEBUG 	TextBox2 loaded 1 chars with 0 blanks and 1 valid
5.5149 	DEBUG 	TextBox2 loaded 1 chars with 0 blanks and 1 valid
5.5156 	DEBUG 	TextBox2 loaded 1 chars with 0 blanks and 1 valid
5.5167 	DEBUG 	TextBox2 loaded 1 chars with 0 blanks and 1 valid
5.5179 	DEBUG 	TextBox2 loaded 1 chars with 0 blanks and 1 valid
5.5190 	DEBUG 	TextBox2 loaded 1 chars with 0 blanks and 1 valid
5.5194 	DEBUG 	Uploading Texture Font fontname to graphics card
5.5199 	DEBUG 	Upload of Texture Font fontname complete
5.7870 	INFO 	keyboard.Keyboard is using ptb backend.
5.7871 	INFO 	keyboard.Keyboard is using ptb backend.
5.7871 	EXP 	untitled: status = STARTED
5.8507 	EXP 	Created text_3 = TextStim(__class__=<class 'psychopy.visual.text.TextStim'>, alignHoriz=method-wrapper(...), alignText='center', alignVert=method-wrapper(...), anchorHoriz='center', anchorVert='center', antialias=True, autoDraw=False, autoLog=True, bold=False, color=array([1., 1., 1.]), colorSpace='rgb', contrast=1.0, depth=0.0, draggable=False, flipHoriz=False, flipVert=False, font='Arial', fontFiles=[], height=0.05, italic=False, languageStyle='LTR', name='text_3', opacity=1, ori=0.0, pos=array([0., 0.]), rgb=UNKNOWN, text='new block\n', units='height', win=Window(...), wrapWidth=1)
5.8515 	EXP 	Created text = TextStim(__class__=<class 'psychopy.visual.text.TextStim'>, alignHoriz=method-wrapper(...), alignText='center', alignVert=method-wrapper(...), anchorHoriz='center', anchorVert='center', antialias=True, autoDraw=False, autoLog=True, bold=False, color=array([1., 1., 1.]), colorSpace='rgb', contrast=1.0, depth=0.0, draggable=False, flipHoriz=False, flipVert=False, font='Arial', fontFiles=[], height=0.05, italic=False, languageStyle='LTR', name='text', opacity=1, ori=0.0, pos=array([0., 0.]), rgb=UNKNOWN, text='', units='height', win=Window(...), wrapWidth=1)
5.8785 	EXP 	Created image = ImageStim(__class__=<class 'psychopy.visual.image.ImageStim'>, anchor=('center', 'center'), autoLog=True, color=array([1., 1., 1.]), colorSpace='rgb', contrast=1.0, depth=-1.0, draggable=False, flipHoriz=False, flipVert=False, image='C:/Users/mattp/Pictures/image (9).png', interpolate=True, mask=None, maskParams=None, name='image', opacity=1, ori=0.0, pos=array([-0.5,  0. ]), size=array([0.5, 0.5]), texRes=128.0, units='height', win=Window(...))
5.8822 	EXP 	Created image_2 = ImageStim(__class__=<class 'psychopy.visual.image.ImageStim'>, anchor=('center', 'center'), autoLog=True, color=array([1., 1., 1.]), colorSpace='rgb', contrast=1.0, depth=-2.0, draggable=False, flipHoriz=False, flipVert=False, image='C:/Users/mattp/Pictures/image (10).png', interpolate=True, mask=None, maskParams=None, name='image_2', opacity=1, ori=0.0, pos=array([0.5, 0. ]), size=array([0.5, 0.5]), texRes=128.0, units='height', win=Window(...))
5.8843 	EXP 	Created fb_2 = TextStim(__class__=<class 'psychopy.visual.text.TextStim'>, alignHoriz=method-wrapper(...), alignText='center', alignVert=method-wrapper(...), anchorHoriz='center', anchorVert='center', antialias=True, autoDraw=False, autoLog=True, bold=False, color=array([1., 1., 1.]), colorSpace='rgb', contrast=1.0, depth=-1.0, draggable=False, flipHoriz=False, flipVert=False, font='Open Sans', fontFiles=[], height=0.1, italic=False, languageStyle='LTR', name='fb_2', opacity=1, ori=0.0, pos=array([0., 0.]), rgb=UNKNOWN, text='', units='height', win=Window(...), wrapWidth=1)
5.8877 	EXP 	Created text_2 = TextStim(__class__=<class 'psychopy.visual.text.TextStim'>, alignHoriz=method-wrapper(...), alignText='center', alignVert=method-wrapper(...), anchorHoriz='center', anchorVert='center', antialias=True, autoDraw=False, autoLog=True, bold=False, color=array([1., 1., 1.]), colorSpace='rgb', contrast=1.0, depth=0.0, draggable=False, flipHoriz=False, flipVert=False, font='Arial', fontFiles=[], height=0.05, italic=False, languageStyle='LTR', name='text_2', opacity=1, ori=0.0, pos=array([0., 0.]), rgb=UNKNOWN, text='success', units='height', win=Window(...), wrapWidth=1)
0.0167 	EXP 	New trial (rep=0, index=0): <Trial 0 (0 in rep 0) data={'thisN': 0, 'thisTrialN': 0, 'thisRepN': 0}>
0.0326 	EXP 	text_3: autoDraw = True
1.0176 	DEBUG 	Read csv file with pandas: stimuli.csv
1.0183 	DEBUG 	Clearing unnamed columns from stimuli.csv
1.0186 	EXP 	Imported stimuli.csv as conditions, 2 conditions, 2 params
1.0188 	EXP 	New trial (rep=0, index=0): <Trial 0 (0 in rep 0) data={'stimuli': 'choose left', 'corrAns': 'left', 'thisN': 0, 'thisTrialN': 0, 'thisRepN': 0}>
1.0304 	INFO 	Keyboard events cleared
1.0303 	EXP 	text_3: autoDraw = False
1.0303 	EXP 	text: height = 0.05
1.0303 	EXP 	text: height = 0.05
1.0303 	EXP 	text: height = 0.05
1.0303 	EXP 	text: text = 'choose left'
1.0303 	EXP 	text: autoDraw = True
1.0303 	EXP 	image: autoDraw = True
1.0303 	EXP 	image_2: autoDraw = True
4.0228 	DATA 	Mouse: Left button down, pos=(302,189)
4.0876 	DATA 	Mouse:  Left button up, pos=(302,189)
4.5267 	DATA 	Keypress: left
4.5302 	EXP 	text: autoDraw = False
4.5302 	EXP 	image: autoDraw = False
4.5302 	EXP 	image_2: autoDraw = False
4.5302 	EXP 	fb_2: foreColor = <psychopy.colors.Color: green, alpha=1.0>
4.5302 	EXP 	fb_2: height = 0.1
4.5302 	EXP 	fb_2: height = 0.1
4.5302 	EXP 	fb_2: height = 0.1
4.5302 	EXP 	fb_2: text = 'fb_text\n$debug_text'
4.5302 	EXP 	fb_2: autoDraw = True
5.5155 	EXP 	New trial (rep=0, index=1): <Trial 1 (1 in rep 0) data={'stimuli': 'choose right', 'corrAns': 'right', 'thisN': 1, 'thisTrialN': 1, 'thisRepN': 0}>
5.5304 	INFO 	Keyboard events cleared
5.5303 	EXP 	fb_2: autoDraw = False
5.5303 	EXP 	fb_2: autoDraw = False
5.5303 	EXP 	text: height = 0.05
5.5303 	EXP 	text: height = 0.05
5.5303 	EXP 	text: height = 0.05
5.5303 	EXP 	text: text = 'choose right'
5.5303 	EXP 	text: autoDraw = True
5.5303 	EXP 	image: autoDraw = True
5.5303 	EXP 	image_2: autoDraw = True
6.1505 	DATA 	Keypress: right
6.1635 	EXP 	text: autoDraw = False
6.1635 	EXP 	image: autoDraw = False
6.1635 	EXP 	image_2: autoDraw = False
6.1635 	EXP 	fb_2: foreColor = <psychopy.colors.Color: green, alpha=1.0>
6.1635 	EXP 	fb_2: text = 'fb_text\n$debug_text'
6.1635 	EXP 	fb_2: autoDraw = True
7.1489 	EXP 	New trial (rep=1, index=0): <Trial 2 (0 in rep 1) data={'stimuli': 'choose left', 'corrAns': 'left', 'thisN': 2, 'thisTrialN': 0, 'thisRepN': 1}>
7.1639 	INFO 	Keyboard events cleared
7.1638 	EXP 	fb_2: autoDraw = False
7.1638 	EXP 	fb_2: autoDraw = False
7.1638 	EXP 	text: height = 0.05
7.1638 	EXP 	text: height = 0.05
7.1638 	EXP 	text: height = 0.05
7.1638 	EXP 	text: text = 'choose left'
7.1638 	EXP 	text: autoDraw = True
7.1638 	EXP 	image: autoDraw = True
7.1638 	EXP 	image_2: autoDraw = True
8.4374 	DATA 	Keypress: left
8.4477 	EXP 	text: autoDraw = False
8.4477 	EXP 	image: autoDraw = False
8.4477 	EXP 	image_2: autoDraw = False
8.4477 	EXP 	fb_2: foreColor = <psychopy.colors.Color: green, alpha=1.0>
8.4477 	EXP 	fb_2: text = 'fb_text\n$debug_text'
8.4477 	EXP 	fb_2: autoDraw = True
9.4328 	EXP 	New trial (rep=1, index=1): <Trial 3 (1 in rep 1) data={'stimuli': 'choose right', 'corrAns': 'right', 'thisN': 3, 'thisTrialN': 1, 'thisRepN': 1}>
9.4476 	INFO 	Keyboard events cleared
9.4475 	EXP 	fb_2: autoDraw = False
9.4475 	EXP 	fb_2: autoDraw = False
9.4475 	EXP 	text: height = 0.05
9.4475 	EXP 	text: height = 0.05
9.4475 	EXP 	text: height = 0.05
9.4475 	EXP 	text: text = 'choose right'
9.4475 	EXP 	text: autoDraw = True
9.4475 	EXP 	image: autoDraw = True
9.4475 	EXP 	image_2: autoDraw = True
9.4996 	DATA 	Keypress: escape
9.6673 	EXP 	untitled: status = STOPPED
9.6805 	EXP 	text: autoDraw = False
9.6805 	EXP 	image: autoDraw = False
9.6805 	EXP 	image_2: autoDraw = False
9.6835 	EXP 	untitled: status = STOPPED
9.6869 	INFO 	saved data to 'C:\\Users\\mattp\\Documents\\GitHub\\Rhodes_Experiment\\data/836552_untitled_2025-07-03_13h47.04.947.csv'
9.6877 	INFO 	saved data to C:\Users\mattp\Documents\GitHub\Rhodes_Experiment\data/836552_untitled_2025-07-03_13h47.04.947.psydat
9.7556 	DEBUG 	Saving data for untitled ExperimentHandler
9.7575 	WARNING 	Stopping key buffers but this could be dangerous ifother keyboards rely on the same.
9.8577 	WARNING 	Stopping key buffers but this could be dangerous ifother keyboards rely on the same.
